{"/Users/scott/Projects/grad-path/src/js/college-costs.js": {"path":"/Users/scott/Projects/grad-path/src/js/college-costs.js","statementMap":{"0":{"start":{"line":18,"column":15},"end":{"line":18,"column":45}},"1":{"start":{"line":19,"column":16},"end":{"line":19,"column":35}},"2":{"start":{"line":21,"column":2},"end":{"line":21,"column":27}},"3":{"start":{"line":22,"column":2},"end":{"line":22,"column":24}},"4":{"start":{"line":23,"column":2},"end":{"line":23,"column":22}},"5":{"start":{"line":24,"column":2},"end":{"line":24,"column":24}},"6":{"start":{"line":25,"column":2},"end":{"line":25,"column":24}},"7":{"start":{"line":26,"column":2},"end":{"line":26,"column":23}},"8":{"start":{"line":27,"column":2},"end":{"line":27,"column":40}},"9":{"start":{"line":28,"column":2},"end":{"line":28,"column":23}},"10":{"start":{"line":29,"column":2},"end":{"line":29,"column":17}},"11":{"start":{"line":30,"column":2},"end":{"line":30,"column":22}},"12":{"start":{"line":32,"column":2},"end":{"line":32,"column":39}},"13":{"start":{"line":33,"column":2},"end":{"line":33,"column":21}},"14":{"start":{"line":35,"column":2},"end":{"line":40,"column":3}},"15":{"start":{"line":36,"column":4},"end":{"line":36,"column":39}},"16":{"start":{"line":38,"column":4},"end":{"line":38,"column":66}},"17":{"start":{"line":39,"column":4},"end":{"line":39,"column":64}},"18":{"start":{"line":43,"column":0},"end":{"line":43,"column":38}}},"fnMap":{"0":{"name":"init","decl":{"start":{"line":17,"column":9},"end":{"line":17,"column":13}},"loc":{"start":{"line":17,"column":16},"end":{"line":41,"column":1}},"line":17}},"branchMap":{"0":{"loc":{"start":{"line":35,"column":2},"end":{"line":40,"column":3}},"type":"if","locations":[{"start":{"line":35,"column":2},"end":{"line":40,"column":3}},{"start":{"line":37,"column":9},"end":{"line":40,"column":3}}],"line":35}},"s":{"0":0,"1":0,"2":0,"3":0,"4":0,"5":0,"6":0,"7":0,"8":0,"9":0,"10":0,"11":0,"12":0,"13":0,"14":0,"15":0,"16":0,"17":0,"18":0},"f":{"0":0},"b":{"0":[0,0]},"inputSourceMap":null}
,"/Users/scott/Projects/grad-path/src/js/college-costs/dispatchers/get-api-values.js": {"path":"/Users/scott/Projects/grad-path/src/js/college-costs/dispatchers/get-api-values.js","statementMap":{"0":{"start":{"line":9,"column":2},"end":{"line":17,"column":5}},"1":{"start":{"line":10,"column":4},"end":{"line":16,"column":9}},"2":{"start":{"line":12,"column":8},"end":{"line":12,"column":22}},"3":{"start":{"line":15,"column":8},"end":{"line":15,"column":33}},"4":{"start":{"line":26,"column":2},"end":{"line":26,"column":54}},"5":{"start":{"line":27,"column":2},"end":{"line":34,"column":3}},"6":{"start":{"line":29,"column":6},"end":{"line":32,"column":16}},"7":{"start":{"line":33,"column":4},"end":{"line":33,"column":23}},"8":{"start":{"line":35,"column":2},"end":{"line":35,"column":70}},"9":{"start":{"line":44,"column":4},"end":{"line":46,"column":21}},"10":{"start":{"line":47,"column":2},"end":{"line":47,"column":21}},"11":{"start":{"line":56,"column":4},"end":{"line":58,"column":20}},"12":{"start":{"line":59,"column":2},"end":{"line":59,"column":21}},"13":{"start":{"line":69,"column":4},"end":{"line":72,"column":8}},"14":{"start":{"line":74,"column":2},"end":{"line":74,"column":21}}},"fnMap":{"0":{"name":"getApi","decl":{"start":{"line":8,"column":9},"end":{"line":8,"column":15}},"loc":{"start":{"line":8,"column":21},"end":{"line":18,"column":1}},"line":8},"1":{"name":"(anonymous_1)","decl":{"start":{"line":9,"column":21},"end":{"line":9,"column":22}},"loc":{"start":{"line":9,"column":48},"end":{"line":17,"column":3}},"line":9},"2":{"name":"(anonymous_2)","decl":{"start":{"line":11,"column":12},"end":{"line":11,"column":13}},"loc":{"start":{"line":11,"column":28},"end":{"line":13,"column":7}},"line":11},"3":{"name":"(anonymous_3)","decl":{"start":{"line":14,"column":13},"end":{"line":14,"column":14}},"loc":{"start":{"line":14,"column":30},"end":{"line":16,"column":7}},"line":14},"4":{"name":"schoolSearch","decl":{"start":{"line":25,"column":9},"end":{"line":25,"column":21}},"loc":{"start":{"line":25,"column":34},"end":{"line":36,"column":1}},"line":25},"5":{"name":"getConstants","decl":{"start":{"line":42,"column":9},"end":{"line":42,"column":21}},"loc":{"start":{"line":42,"column":24},"end":{"line":48,"column":1}},"line":42},"6":{"name":"getExpenses","decl":{"start":{"line":54,"column":9},"end":{"line":54,"column":20}},"loc":{"start":{"line":54,"column":23},"end":{"line":60,"column":1}},"line":54},"7":{"name":"getSchoolData","decl":{"start":{"line":67,"column":9},"end":{"line":67,"column":22}},"loc":{"start":{"line":67,"column":29},"end":{"line":75,"column":1}},"line":67}},"branchMap":{"0":{"loc":{"start":{"line":27,"column":2},"end":{"line":34,"column":3}},"type":"if","locations":[{"start":{"line":27,"column":2},"end":{"line":34,"column":3}},{"start":{},"end":{}}],"line":27}},"s":{"0":0,"1":0,"2":0,"3":0,"4":0,"5":0,"6":0,"7":0,"8":0,"9":0,"10":0,"11":0,"12":0,"13":0,"14":0},"f":{"0":0,"1":0,"2":0,"3":0,"4":0,"5":0,"6":0,"7":0},"b":{"0":[0,0]},"inputSourceMap":null}
,"/Users/scott/Projects/grad-path/src/js/college-costs/dispatchers/get-model-values.js": {"path":"/Users/scott/Projects/grad-path/src/js/college-costs/dispatchers/get-model-values.js","statementMap":{"0":{"start":{"line":16,"column":2},"end":{"line":16,"column":34}},"1":{"start":{"line":25,"column":2},"end":{"line":27,"column":3}},"2":{"start":{"line":26,"column":4},"end":{"line":26,"column":39}},"3":{"start":{"line":28,"column":2},"end":{"line":28,"column":15}},"4":{"start":{"line":38,"column":2},"end":{"line":38,"column":36}},"5":{"start":{"line":47,"column":2},"end":{"line":49,"column":3}},"6":{"start":{"line":48,"column":4},"end":{"line":48,"column":39}},"7":{"start":{"line":50,"column":2},"end":{"line":50,"column":15}},"8":{"start":{"line":60,"column":2},"end":{"line":60,"column":55}},"9":{"start":{"line":69,"column":2},"end":{"line":69,"column":41}},"10":{"start":{"line":79,"column":14},"end":{"line":79,"column":32}},"11":{"start":{"line":80,"column":2},"end":{"line":85,"column":3}},"12":{"start":{"line":84,"column":4},"end":{"line":84,"column":33}},"13":{"start":{"line":86,"column":2},"end":{"line":86,"column":60}},"14":{"start":{"line":95,"column":2},"end":{"line":97,"column":3}},"15":{"start":{"line":96,"column":4},"end":{"line":96,"column":36}},"16":{"start":{"line":98,"column":2},"end":{"line":98,"column":15}},"17":{"start":{"line":108,"column":2},"end":{"line":110,"column":3}},"18":{"start":{"line":109,"column":4},"end":{"line":109,"column":35}},"19":{"start":{"line":111,"column":2},"end":{"line":111,"column":15}}},"fnMap":{"0":{"name":"getAllStateValues","decl":{"start":{"line":15,"column":9},"end":{"line":15,"column":26}},"loc":{"start":{"line":15,"column":29},"end":{"line":17,"column":1}},"line":15},"1":{"name":"getConstantsValue","decl":{"start":{"line":24,"column":9},"end":{"line":24,"column":26}},"loc":{"start":{"line":24,"column":33},"end":{"line":29,"column":1}},"line":24},"2":{"name":"getExpensesValue","decl":{"start":{"line":37,"column":9},"end":{"line":37,"column":25}},"loc":{"start":{"line":37,"column":32},"end":{"line":39,"column":1}},"line":37},"3":{"name":"getFinancialValue","decl":{"start":{"line":46,"column":9},"end":{"line":46,"column":26}},"loc":{"start":{"line":46,"column":33},"end":{"line":51,"column":1}},"line":46},"4":{"name":"getProgramList","decl":{"start":{"line":59,"column":9},"end":{"line":59,"column":23}},"loc":{"start":{"line":59,"column":31},"end":{"line":61,"column":1}},"line":59},"5":{"name":"getProgramInfo","decl":{"start":{"line":68,"column":9},"end":{"line":68,"column":23}},"loc":{"start":{"line":68,"column":29},"end":{"line":70,"column":1}},"line":68},"6":{"name":"getSchoolCohortValue","decl":{"start":{"line":78,"column":9},"end":{"line":78,"column":29}},"loc":{"start":{"line":78,"column":48},"end":{"line":87,"column":1}},"line":78},"7":{"name":"getSchoolValue","decl":{"start":{"line":94,"column":9},"end":{"line":94,"column":23}},"loc":{"start":{"line":94,"column":30},"end":{"line":99,"column":1}},"line":94},"8":{"name":"getStateValue","decl":{"start":{"line":107,"column":9},"end":{"line":107,"column":22}},"loc":{"start":{"line":107,"column":29},"end":{"line":112,"column":1}},"line":107}},"branchMap":{"0":{"loc":{"start":{"line":25,"column":2},"end":{"line":27,"column":3}},"type":"if","locations":[{"start":{"line":25,"column":2},"end":{"line":27,"column":3}},{"start":{},"end":{}}],"line":25},"1":{"loc":{"start":{"line":47,"column":2},"end":{"line":49,"column":3}},"type":"if","locations":[{"start":{"line":47,"column":2},"end":{"line":49,"column":3}},{"start":{},"end":{}}],"line":47},"2":{"loc":{"start":{"line":80,"column":2},"end":{"line":85,"column":3}},"type":"if","locations":[{"start":{"line":80,"column":2},"end":{"line":85,"column":3}},{"start":{},"end":{}}],"line":80},"3":{"loc":{"start":{"line":81,"column":4},"end":{"line":82,"column":49}},"type":"binary-expr","locations":[{"start":{"line":81,"column":4},"end":{"line":81,"column":39}},{"start":{"line":82,"column":4},"end":{"line":82,"column":49}}],"line":81},"4":{"loc":{"start":{"line":95,"column":2},"end":{"line":97,"column":3}},"type":"if","locations":[{"start":{"line":95,"column":2},"end":{"line":97,"column":3}},{"start":{},"end":{}}],"line":95},"5":{"loc":{"start":{"line":108,"column":2},"end":{"line":110,"column":3}},"type":"if","locations":[{"start":{"line":108,"column":2},"end":{"line":110,"column":3}},{"start":{},"end":{}}],"line":108}},"s":{"0":0,"1":0,"2":0,"3":0,"4":0,"5":0,"6":0,"7":0,"8":0,"9":0,"10":0,"11":0,"12":0,"13":0,"14":0,"15":0,"16":0,"17":0,"18":0,"19":0},"f":{"0":0,"1":0,"2":0,"3":0,"4":0,"5":0,"6":0,"7":0,"8":0},"b":{"0":[0,0],"1":[0,0],"2":[0,0],"3":[0,0],"4":[0,0],"5":[0,0]},"inputSourceMap":null}
,"/Users/scott/Projects/grad-path/src/js/college-costs/dispatchers/update-models.js": {"path":"/Users/scott/Projects/grad-path/src/js/college-costs/dispatchers/update-models.js","statementMap":{"0":{"start":{"line":27,"column":23},"end":{"line":27,"column":72}},"1":{"start":{"line":28,"column":2},"end":{"line":30,"column":5}},"2":{"start":{"line":29,"column":4},"end":{"line":29,"column":64}},"3":{"start":{"line":38,"column":25},"end":{"line":38,"column":75}},"4":{"start":{"line":39,"column":2},"end":{"line":41,"column":5}},"5":{"start":{"line":40,"column":4},"end":{"line":40,"column":74}},"6":{"start":{"line":51,"column":2},"end":{"line":51,"column":51}},"7":{"start":{"line":60,"column":2},"end":{"line":60,"column":54}},"8":{"start":{"line":67,"column":2},"end":{"line":67,"column":31}},"9":{"start":{"line":76,"column":2},"end":{"line":76,"column":38}},"10":{"start":{"line":83,"column":2},"end":{"line":83,"column":34}},"11":{"start":{"line":91,"column":2},"end":{"line":91,"column":42}},"12":{"start":{"line":98,"column":2},"end":{"line":98,"column":61}},"13":{"start":{"line":105,"column":2},"end":{"line":105,"column":30}},"14":{"start":{"line":114,"column":19},"end":{"line":114,"column":21}},"15":{"start":{"line":115,"column":2},"end":{"line":118,"column":3}},"16":{"start":{"line":116,"column":24},"end":{"line":116,"column":44}},"17":{"start":{"line":117,"column":4},"end":{"line":117,"column":65}},"18":{"start":{"line":119,"column":2},"end":{"line":119,"column":18}},"19":{"start":{"line":126,"column":2},"end":{"line":137,"column":3}},"20":{"start":{"line":127,"column":16},"end":{"line":127,"column":25}},"21":{"start":{"line":128,"column":4},"end":{"line":128,"column":42}},"22":{"start":{"line":131,"column":4},"end":{"line":136,"column":5}},"23":{"start":{"line":135,"column":6},"end":{"line":135,"column":49}},"24":{"start":{"line":146,"column":2},"end":{"line":146,"column":40}},"25":{"start":{"line":147,"column":2},"end":{"line":204,"column":5}},"26":{"start":{"line":148,"column":4},"end":{"line":203,"column":9}},"27":{"start":{"line":150,"column":21},"end":{"line":150,"column":50}},"28":{"start":{"line":151,"column":8},"end":{"line":151,"column":30}},"29":{"start":{"line":152,"column":20},"end":{"line":152,"column":40}},"30":{"start":{"line":155,"column":8},"end":{"line":155,"column":41}},"31":{"start":{"line":156,"column":28},"end":{"line":156,"column":47}},"32":{"start":{"line":159,"column":8},"end":{"line":161,"column":9}},"33":{"start":{"line":160,"column":10},"end":{"line":160,"column":44}},"34":{"start":{"line":164,"column":8},"end":{"line":166,"column":10}},"35":{"start":{"line":169,"column":8},"end":{"line":169,"column":80}},"36":{"start":{"line":172,"column":8},"end":{"line":183,"column":9}},"37":{"start":{"line":173,"column":10},"end":{"line":176,"column":12}},"38":{"start":{"line":177,"column":10},"end":{"line":177,"column":63}},"39":{"start":{"line":179,"column":10},"end":{"line":182,"column":12}},"40":{"start":{"line":186,"column":8},"end":{"line":190,"column":9}},"41":{"start":{"line":187,"column":10},"end":{"line":188,"column":38}},"42":{"start":{"line":189,"column":10},"end":{"line":189,"column":50}},"43":{"start":{"line":192,"column":8},"end":{"line":192,"column":27}},"44":{"start":{"line":194,"column":8},"end":{"line":194,"column":22}},"45":{"start":{"line":197,"column":8},"end":{"line":197,"column":22}},"46":{"start":{"line":198,"column":8},"end":{"line":198,"column":39}},"47":{"start":{"line":199,"column":8},"end":{"line":202,"column":10}},"48":{"start":{"line":211,"column":2},"end":{"line":211,"column":46}},"49":{"start":{"line":212,"column":2},"end":{"line":212,"column":39}},"50":{"start":{"line":220,"column":21},"end":{"line":225,"column":3}},"51":{"start":{"line":227,"column":2},"end":{"line":241,"column":3}},"52":{"start":{"line":228,"column":4},"end":{"line":240,"column":5}},"53":{"start":{"line":229,"column":20},"end":{"line":229,"column":49}},"54":{"start":{"line":230,"column":6},"end":{"line":230,"column":59}},"55":{"start":{"line":233,"column":6},"end":{"line":239,"column":7}},"56":{"start":{"line":234,"column":8},"end":{"line":238,"column":10}},"57":{"start":{"line":244,"column":2},"end":{"line":248,"column":4}},"58":{"start":{"line":257,"column":2},"end":{"line":259,"column":3}},"59":{"start":{"line":258,"column":4},"end":{"line":258,"column":24}},"60":{"start":{"line":262,"column":2},"end":{"line":274,"column":3}},"61":{"start":{"line":263,"column":21},"end":{"line":263,"column":76}},"62":{"start":{"line":264,"column":21},"end":{"line":264,"column":26}},"63":{"start":{"line":265,"column":4},"end":{"line":269,"column":7}},"64":{"start":{"line":266,"column":6},"end":{"line":268,"column":7}},"65":{"start":{"line":267,"column":8},"end":{"line":267,"column":26}},"66":{"start":{"line":271,"column":4},"end":{"line":273,"column":5}},"67":{"start":{"line":272,"column":6},"end":{"line":272,"column":26}},"68":{"start":{"line":276,"column":2},"end":{"line":276,"column":33}},"69":{"start":{"line":277,"column":2},"end":{"line":281,"column":3}},"70":{"start":{"line":278,"column":4},"end":{"line":280,"column":7}},"71":{"start":{"line":279,"column":6},"end":{"line":279,"column":43}},"72":{"start":{"line":289,"column":17},"end":{"line":300,"column":3}},"73":{"start":{"line":301,"column":2},"end":{"line":306,"column":5}},"74":{"start":{"line":302,"column":4},"end":{"line":305,"column":5}},"75":{"start":{"line":303,"column":19},"end":{"line":303,"column":51}},"76":{"start":{"line":304,"column":6},"end":{"line":304,"column":57}},"77":{"start":{"line":307,"column":2},"end":{"line":307,"column":36}}},"fnMap":{"0":{"name":"initializeExpenseValues","decl":{"start":{"line":26,"column":9},"end":{"line":26,"column":32}},"loc":{"start":{"line":26,"column":35},"end":{"line":31,"column":1}},"line":26},"1":{"name":"(anonymous_1)","decl":{"start":{"line":28,"column":23},"end":{"line":28,"column":24}},"loc":{"start":{"line":28,"column":33},"end":{"line":30,"column":3}},"line":28},"2":{"name":"initializeFinancialValues","decl":{"start":{"line":37,"column":9},"end":{"line":37,"column":34}},"loc":{"start":{"line":37,"column":37},"end":{"line":42,"column":1}},"line":37},"3":{"name":"(anonymous_3)","decl":{"start":{"line":39,"column":25},"end":{"line":39,"column":26}},"loc":{"start":{"line":39,"column":35},"end":{"line":41,"column":3}},"line":39},"4":{"name":"updateFinancial","decl":{"start":{"line":50,"column":9},"end":{"line":50,"column":24}},"loc":{"start":{"line":50,"column":50},"end":{"line":52,"column":1}},"line":50},"5":{"name":"createFinancial","decl":{"start":{"line":59,"column":9},"end":{"line":59,"column":24}},"loc":{"start":{"line":59,"column":38},"end":{"line":61,"column":1}},"line":59},"6":{"name":"recalculateFinancials","decl":{"start":{"line":66,"column":9},"end":{"line":66,"column":30}},"loc":{"start":{"line":66,"column":33},"end":{"line":68,"column":1}},"line":66},"7":{"name":"updateExpense","decl":{"start":{"line":75,"column":9},"end":{"line":75,"column":22}},"loc":{"start":{"line":75,"column":36},"end":{"line":77,"column":1}},"line":75},"8":{"name":"recalculateExpenses","decl":{"start":{"line":82,"column":9},"end":{"line":82,"column":28}},"loc":{"start":{"line":82,"column":31},"end":{"line":84,"column":1}},"line":82},"9":{"name":"updateRegion","decl":{"start":{"line":90,"column":9},"end":{"line":90,"column":21}},"loc":{"start":{"line":90,"column":30},"end":{"line":92,"column":1}},"line":90},"10":{"name":"refreshExpenses","decl":{"start":{"line":97,"column":9},"end":{"line":97,"column":24}},"loc":{"start":{"line":97,"column":27},"end":{"line":99,"column":1}},"line":97},"11":{"name":"clearFinancialCosts","decl":{"start":{"line":104,"column":9},"end":{"line":104,"column":28}},"loc":{"start":{"line":104,"column":31},"end":{"line":106,"column":1}},"line":104},"12":{"name":"getTopThreePrograms","decl":{"start":{"line":113,"column":9},"end":{"line":113,"column":28}},"loc":{"start":{"line":113,"column":39},"end":{"line":120,"column":1}},"line":113},"13":{"name":"setSchoolValues","decl":{"start":{"line":125,"column":9},"end":{"line":125,"column":24}},"loc":{"start":{"line":125,"column":31},"end":{"line":138,"column":1}},"line":125},"14":{"name":"updateSchoolData","decl":{"start":{"line":145,"column":9},"end":{"line":145,"column":25}},"loc":{"start":{"line":145,"column":32},"end":{"line":205,"column":1}},"line":145},"15":{"name":"(anonymous_15)","decl":{"start":{"line":147,"column":21},"end":{"line":147,"column":22}},"loc":{"start":{"line":147,"column":42},"end":{"line":204,"column":3}},"line":147},"16":{"name":"(anonymous_16)","decl":{"start":{"line":149,"column":12},"end":{"line":149,"column":13}},"loc":{"start":{"line":149,"column":22},"end":{"line":195,"column":7}},"line":149},"17":{"name":"(anonymous_17)","decl":{"start":{"line":196,"column":13},"end":{"line":196,"column":14}},"loc":{"start":{"line":196,"column":30},"end":{"line":203,"column":7}},"line":196},"18":{"name":"updateFinancialsFromSchool","decl":{"start":{"line":210,"column":9},"end":{"line":210,"column":35}},"loc":{"start":{"line":210,"column":38},"end":{"line":213,"column":1}},"line":210},"19":{"name":"parseQueryParameters","decl":{"start":{"line":219,"column":9},"end":{"line":219,"column":29}},"loc":{"start":{"line":219,"column":40},"end":{"line":249,"column":1}},"line":219},"20":{"name":"updateModelsFromQueryString","decl":{"start":{"line":255,"column":9},"end":{"line":255,"column":36}},"loc":{"start":{"line":255,"column":47},"end":{"line":282,"column":1}},"line":255},"21":{"name":"(anonymous_21)","decl":{"start":{"line":265,"column":21},"end":{"line":265,"column":22}},"loc":{"start":{"line":265,"column":30},"end":{"line":269,"column":5}},"line":265},"22":{"name":"(anonymous_22)","decl":{"start":{"line":278,"column":41},"end":{"line":278,"column":42}},"loc":{"start":{"line":278,"column":47},"end":{"line":280,"column":5}},"line":278},"23":{"name":"updateExpensesFromQueryObj","decl":{"start":{"line":288,"column":9},"end":{"line":288,"column":35}},"loc":{"start":{"line":288,"column":46},"end":{"line":308,"column":1}},"line":288},"24":{"name":"(anonymous_24)","decl":{"start":{"line":301,"column":17},"end":{"line":301,"column":18}},"loc":{"start":{"line":301,"column":26},"end":{"line":306,"column":3}},"line":301}},"branchMap":{"0":{"loc":{"start":{"line":115,"column":2},"end":{"line":118,"column":3}},"type":"if","locations":[{"start":{"line":115,"column":2},"end":{"line":118,"column":3}},{"start":{},"end":{}}],"line":115},"1":{"loc":{"start":{"line":131,"column":4},"end":{"line":136,"column":5}},"type":"if","locations":[{"start":{"line":131,"column":4},"end":{"line":136,"column":5}},{"start":{},"end":{}}],"line":131},"2":{"loc":{"start":{"line":132,"column":6},"end":{"line":133,"column":21}},"type":"binary-expr","locations":[{"start":{"line":132,"column":6},"end":{"line":132,"column":63}},{"start":{"line":133,"column":6},"end":{"line":133,"column":21}}],"line":132},"3":{"loc":{"start":{"line":159,"column":8},"end":{"line":161,"column":9}},"type":"if","locations":[{"start":{"line":159,"column":8},"end":{"line":161,"column":9}},{"start":{},"end":{}}],"line":159},"4":{"loc":{"start":{"line":172,"column":8},"end":{"line":183,"column":9}},"type":"if","locations":[{"start":{"line":172,"column":8},"end":{"line":183,"column":9}},{"start":{"line":178,"column":15},"end":{"line":183,"column":9}}],"line":172},"5":{"loc":{"start":{"line":186,"column":8},"end":{"line":190,"column":9}},"type":"if","locations":[{"start":{"line":186,"column":8},"end":{"line":190,"column":9}},{"start":{},"end":{}}],"line":186},"6":{"loc":{"start":{"line":228,"column":4},"end":{"line":240,"column":5}},"type":"if","locations":[{"start":{"line":228,"column":4},"end":{"line":240,"column":5}},{"start":{},"end":{}}],"line":228},"7":{"loc":{"start":{"line":233,"column":6},"end":{"line":239,"column":7}},"type":"if","locations":[{"start":{"line":233,"column":6},"end":{"line":239,"column":7}},{"start":{},"end":{}}],"line":233},"8":{"loc":{"start":{"line":257,"column":2},"end":{"line":259,"column":3}},"type":"if","locations":[{"start":{"line":257,"column":2},"end":{"line":259,"column":3}},{"start":{},"end":{}}],"line":257},"9":{"loc":{"start":{"line":262,"column":2},"end":{"line":274,"column":3}},"type":"if","locations":[{"start":{"line":262,"column":2},"end":{"line":274,"column":3}},{"start":{},"end":{}}],"line":262},"10":{"loc":{"start":{"line":266,"column":6},"end":{"line":268,"column":7}},"type":"if","locations":[{"start":{"line":266,"column":6},"end":{"line":268,"column":7}},{"start":{},"end":{}}],"line":266},"11":{"loc":{"start":{"line":271,"column":4},"end":{"line":273,"column":5}},"type":"if","locations":[{"start":{"line":271,"column":4},"end":{"line":273,"column":5}},{"start":{},"end":{}}],"line":271},"12":{"loc":{"start":{"line":277,"column":2},"end":{"line":281,"column":3}},"type":"if","locations":[{"start":{"line":277,"column":2},"end":{"line":281,"column":3}},{"start":{},"end":{}}],"line":277},"13":{"loc":{"start":{"line":302,"column":4},"end":{"line":305,"column":5}},"type":"if","locations":[{"start":{"line":302,"column":4},"end":{"line":305,"column":5}},{"start":{},"end":{}}],"line":302}},"s":{"0":0,"1":0,"2":0,"3":0,"4":0,"5":0,"6":0,"7":0,"8":0,"9":0,"10":0,"11":0,"12":0,"13":0,"14":0,"15":0,"16":0,"17":0,"18":0,"19":0,"20":0,"21":0,"22":0,"23":0,"24":0,"25":0,"26":0,"27":0,"28":0,"29":0,"30":0,"31":0,"32":0,"33":0,"34":0,"35":0,"36":0,"37":0,"38":0,"39":0,"40":0,"41":0,"42":0,"43":0,"44":0,"45":0,"46":0,"47":0,"48":0,"49":0,"50":0,"51":0,"52":0,"53":0,"54":0,"55":0,"56":0,"57":0,"58":0,"59":0,"60":0,"61":0,"62":0,"63":0,"64":0,"65":0,"66":0,"67":0,"68":0,"69":0,"70":0,"71":0,"72":0,"73":0,"74":0,"75":0,"76":0,"77":0},"f":{"0":0,"1":0,"2":0,"3":0,"4":0,"5":0,"6":0,"7":0,"8":0,"9":0,"10":0,"11":0,"12":0,"13":0,"14":0,"15":0,"16":0,"17":0,"18":0,"19":0,"20":0,"21":0,"22":0,"23":0,"24":0},"b":{"0":[0,0],"1":[0,0],"2":[0,0],"3":[0,0],"4":[0,0],"5":[0,0],"6":[0,0],"7":[0,0],"8":[0,0],"9":[0,0],"10":[0,0],"11":[0,0],"12":[0,0],"13":[0,0]},"inputSourceMap":null}
,"/Users/scott/Projects/grad-path/src/js/college-costs/dispatchers/update-state.js": {"path":"/Users/scott/Projects/grad-path/src/js/college-costs/dispatchers/update-state.js","statementMap":{"0":{"start":{"line":11,"column":20},"end":{"line":73,"column":1}},"1":{"start":{"line":18,"column":4},"end":{"line":18,"column":49}},"2":{"start":{"line":19,"column":4},"end":{"line":25,"column":5}},"3":{"start":{"line":20,"column":6},"end":{"line":20,"column":28}},"4":{"start":{"line":21,"column":11},"end":{"line":25,"column":5}},"5":{"start":{"line":22,"column":6},"end":{"line":22,"column":27}},"6":{"start":{"line":23,"column":11},"end":{"line":25,"column":5}},"7":{"start":{"line":24,"column":6},"end":{"line":24,"column":35}},"8":{"start":{"line":33,"column":4},"end":{"line":35,"column":5}},"9":{"start":{"line":34,"column":6},"end":{"line":34,"column":46}},"10":{"start":{"line":42,"column":26},"end":{"line":42,"column":57}},"11":{"start":{"line":43,"column":14},"end":{"line":43,"column":60}},"12":{"start":{"line":44,"column":4},"end":{"line":47,"column":5}},"13":{"start":{"line":45,"column":26},"end":{"line":45,"column":56}},"14":{"start":{"line":46,"column":6},"end":{"line":46,"column":45}},"15":{"start":{"line":56,"column":4},"end":{"line":56,"column":37}},"16":{"start":{"line":63,"column":4},"end":{"line":63,"column":36}},"17":{"start":{"line":71,"column":4},"end":{"line":71,"column":50}}},"fnMap":{"0":{"name":"(anonymous_0)","decl":{"start":{"line":17,"column":17},"end":{"line":17,"column":18}},"loc":{"start":{"line":17,"column":38},"end":{"line":26,"column":3}},"line":17},"1":{"name":"(anonymous_1)","decl":{"start":{"line":32,"column":14},"end":{"line":32,"column":15}},"loc":{"start":{"line":32,"column":24},"end":{"line":36,"column":3}},"line":32},"2":{"name":"(anonymous_2)","decl":{"start":{"line":41,"column":15},"end":{"line":41,"column":16}},"loc":{"start":{"line":41,"column":21},"end":{"line":48,"column":3}},"line":41},"3":{"name":"(anonymous_3)","decl":{"start":{"line":55,"column":14},"end":{"line":55,"column":15}},"loc":{"start":{"line":55,"column":37},"end":{"line":57,"column":3}},"line":55},"4":{"name":"(anonymous_4)","decl":{"start":{"line":62,"column":22},"end":{"line":62,"column":23}},"loc":{"start":{"line":62,"column":28},"end":{"line":64,"column":3}},"line":62},"5":{"name":"(anonymous_5)","decl":{"start":{"line":70,"column":25},"end":{"line":70,"column":26}},"loc":{"start":{"line":70,"column":42},"end":{"line":72,"column":3}},"line":70}},"branchMap":{"0":{"loc":{"start":{"line":19,"column":4},"end":{"line":25,"column":5}},"type":"if","locations":[{"start":{"line":19,"column":4},"end":{"line":25,"column":5}},{"start":{"line":21,"column":11},"end":{"line":25,"column":5}}],"line":19},"1":{"loc":{"start":{"line":21,"column":11},"end":{"line":25,"column":5}},"type":"if","locations":[{"start":{"line":21,"column":11},"end":{"line":25,"column":5}},{"start":{"line":23,"column":11},"end":{"line":25,"column":5}}],"line":21},"2":{"loc":{"start":{"line":23,"column":11},"end":{"line":25,"column":5}},"type":"if","locations":[{"start":{"line":23,"column":11},"end":{"line":25,"column":5}},{"start":{},"end":{}}],"line":23},"3":{"loc":{"start":{"line":33,"column":4},"end":{"line":35,"column":5}},"type":"if","locations":[{"start":{"line":33,"column":4},"end":{"line":35,"column":5}},{"start":{},"end":{}}],"line":33},"4":{"loc":{"start":{"line":44,"column":4},"end":{"line":47,"column":5}},"type":"if","locations":[{"start":{"line":44,"column":4},"end":{"line":47,"column":5}},{"start":{},"end":{}}],"line":44}},"s":{"0":0,"1":0,"2":0,"3":0,"4":0,"5":0,"6":0,"7":0,"8":0,"9":0,"10":0,"11":0,"12":0,"13":0,"14":0,"15":0,"16":0,"17":0},"f":{"0":0,"1":0,"2":0,"3":0,"4":0,"5":0},"b":{"0":[0,0],"1":[0,0],"2":[0,0],"3":[0,0],"4":[0,0]},"inputSourceMap":null}
,"/Users/scott/Projects/grad-path/src/js/college-costs/dispatchers/update-view.js": {"path":"/Users/scott/Projects/grad-path/src/js/college-costs/dispatchers/update-view.js","statementMap":{"0":{"start":{"line":15,"column":22},"end":{"line":17,"column":1}},"1":{"start":{"line":16,"column":2},"end":{"line":16,"column":23}},"2":{"start":{"line":22,"column":29},"end":{"line":24,"column":1}},"3":{"start":{"line":23,"column":2},"end":{"line":23,"column":30}},"4":{"start":{"line":29,"column":27},"end":{"line":31,"column":1}},"5":{"start":{"line":30,"column":2},"end":{"line":30,"column":36}},"6":{"start":{"line":36,"column":28},"end":{"line":38,"column":1}},"7":{"start":{"line":37,"column":2},"end":{"line":37,"column":39}},"8":{"start":{"line":43,"column":29},"end":{"line":45,"column":1}},"9":{"start":{"line":44,"column":2},"end":{"line":44,"column":30}},"10":{"start":{"line":50,"column":25},"end":{"line":52,"column":1}},"11":{"start":{"line":51,"column":2},"end":{"line":51,"column":32}},"12":{"start":{"line":57,"column":26},"end":{"line":59,"column":1}},"13":{"start":{"line":58,"column":2},"end":{"line":58,"column":33}},"14":{"start":{"line":68,"column":25},"end":{"line":70,"column":1}},"15":{"start":{"line":69,"column":2},"end":{"line":69,"column":47}},"16":{"start":{"line":72,"column":35},"end":{"line":74,"column":1}},"17":{"start":{"line":73,"column":2},"end":{"line":73,"column":41}},"18":{"start":{"line":76,"column":28},"end":{"line":78,"column":1}},"19":{"start":{"line":77,"column":2},"end":{"line":77,"column":34}},"20":{"start":{"line":80,"column":27},"end":{"line":82,"column":1}},"21":{"start":{"line":81,"column":2},"end":{"line":81,"column":33}},"22":{"start":{"line":84,"column":29},"end":{"line":86,"column":1}},"23":{"start":{"line":85,"column":2},"end":{"line":85,"column":35}},"24":{"start":{"line":88,"column":29},"end":{"line":90,"column":1}},"25":{"start":{"line":89,"column":2},"end":{"line":89,"column":35}},"26":{"start":{"line":92,"column":34},"end":{"line":94,"column":1}},"27":{"start":{"line":93,"column":2},"end":{"line":93,"column":40}},"28":{"start":{"line":96,"column":46},"end":{"line":102,"column":1}},"29":{"start":{"line":97,"column":2},"end":{"line":97,"column":24}},"30":{"start":{"line":98,"column":2},"end":{"line":98,"column":31}},"31":{"start":{"line":99,"column":2},"end":{"line":99,"column":24}},"32":{"start":{"line":100,"column":2},"end":{"line":100,"column":23}},"33":{"start":{"line":101,"column":2},"end":{"line":101,"column":25}}},"fnMap":{"0":{"name":"(anonymous_0)","decl":{"start":{"line":15,"column":22},"end":{"line":15,"column":23}},"loc":{"start":{"line":15,"column":28},"end":{"line":17,"column":1}},"line":15},"1":{"name":"(anonymous_1)","decl":{"start":{"line":22,"column":29},"end":{"line":22,"column":30}},"loc":{"start":{"line":22,"column":35},"end":{"line":24,"column":1}},"line":22},"2":{"name":"(anonymous_2)","decl":{"start":{"line":29,"column":27},"end":{"line":29,"column":28}},"loc":{"start":{"line":29,"column":33},"end":{"line":31,"column":1}},"line":29},"3":{"name":"(anonymous_3)","decl":{"start":{"line":36,"column":28},"end":{"line":36,"column":29}},"loc":{"start":{"line":36,"column":34},"end":{"line":38,"column":1}},"line":36},"4":{"name":"(anonymous_4)","decl":{"start":{"line":43,"column":29},"end":{"line":43,"column":30}},"loc":{"start":{"line":43,"column":35},"end":{"line":45,"column":1}},"line":43},"5":{"name":"(anonymous_5)","decl":{"start":{"line":50,"column":25},"end":{"line":50,"column":26}},"loc":{"start":{"line":50,"column":31},"end":{"line":52,"column":1}},"line":50},"6":{"name":"(anonymous_6)","decl":{"start":{"line":57,"column":26},"end":{"line":57,"column":27}},"loc":{"start":{"line":57,"column":32},"end":{"line":59,"column":1}},"line":57},"7":{"name":"(anonymous_7)","decl":{"start":{"line":68,"column":25},"end":{"line":68,"column":26}},"loc":{"start":{"line":68,"column":42},"end":{"line":70,"column":1}},"line":68},"8":{"name":"(anonymous_8)","decl":{"start":{"line":72,"column":35},"end":{"line":72,"column":36}},"loc":{"start":{"line":72,"column":41},"end":{"line":74,"column":1}},"line":72},"9":{"name":"(anonymous_9)","decl":{"start":{"line":76,"column":28},"end":{"line":76,"column":29}},"loc":{"start":{"line":76,"column":34},"end":{"line":78,"column":1}},"line":76},"10":{"name":"(anonymous_10)","decl":{"start":{"line":80,"column":27},"end":{"line":80,"column":28}},"loc":{"start":{"line":80,"column":33},"end":{"line":82,"column":1}},"line":80},"11":{"name":"(anonymous_11)","decl":{"start":{"line":84,"column":29},"end":{"line":84,"column":30}},"loc":{"start":{"line":84,"column":35},"end":{"line":86,"column":1}},"line":84},"12":{"name":"(anonymous_12)","decl":{"start":{"line":88,"column":29},"end":{"line":88,"column":30}},"loc":{"start":{"line":88,"column":35},"end":{"line":90,"column":1}},"line":88},"13":{"name":"(anonymous_13)","decl":{"start":{"line":92,"column":34},"end":{"line":92,"column":35}},"loc":{"start":{"line":92,"column":40},"end":{"line":94,"column":1}},"line":92},"14":{"name":"(anonymous_14)","decl":{"start":{"line":96,"column":46},"end":{"line":96,"column":47}},"loc":{"start":{"line":96,"column":52},"end":{"line":102,"column":1}},"line":96}},"branchMap":{},"s":{"0":0,"1":0,"2":0,"3":0,"4":0,"5":0,"6":0,"7":0,"8":0,"9":0,"10":0,"11":0,"12":0,"13":0,"14":0,"15":0,"16":0,"17":0,"18":0,"19":0,"20":0,"21":0,"22":0,"23":0,"24":0,"25":0,"26":0,"27":0,"28":0,"29":0,"30":0,"31":0,"32":0,"33":0},"f":{"0":0,"1":0,"2":0,"3":0,"4":0,"5":0,"6":0,"7":0,"8":0,"9":0,"10":0,"11":0,"12":0,"13":0,"14":0},"b":{},"inputSourceMap":null}
,"/Users/scott/Projects/grad-path/src/js/college-costs/models/constants-model.js": {"path":"/Users/scott/Projects/grad-path/src/js/college-costs/models/constants-model.js","statementMap":{"0":{"start":{"line":8,"column":23},"end":{"line":93,"column":1}},"1":{"start":{"line":41,"column":4},"end":{"line":91,"column":7}},"2":{"start":{"line":42,"column":6},"end":{"line":90,"column":11}},"3":{"start":{"line":44,"column":23},"end":{"line":44,"column":52}},"4":{"start":{"line":46,"column":10},"end":{"line":54,"column":11}},"5":{"start":{"line":47,"column":12},"end":{"line":53,"column":13}},"6":{"start":{"line":48,"column":26},"end":{"line":48,"column":35}},"7":{"start":{"line":49,"column":14},"end":{"line":51,"column":15}},"8":{"start":{"line":50,"column":16},"end":{"line":50,"column":38}},"9":{"start":{"line":52,"column":14},"end":{"line":52,"column":49}},"10":{"start":{"line":56,"column":10},"end":{"line":61,"column":11}},"11":{"start":{"line":57,"column":12},"end":{"line":60,"column":13}},"12":{"start":{"line":58,"column":30},"end":{"line":58,"column":65}},"13":{"start":{"line":59,"column":14},"end":{"line":59,"column":74}},"14":{"start":{"line":64,"column":10},"end":{"line":68,"column":12}},"15":{"start":{"line":69,"column":10},"end":{"line":73,"column":12}},"16":{"start":{"line":74,"column":10},"end":{"line":78,"column":12}},"17":{"start":{"line":80,"column":10},"end":{"line":80,"column":58}},"18":{"start":{"line":82,"column":10},"end":{"line":82,"column":24}},"19":{"start":{"line":85,"column":10},"end":{"line":85,"column":24}},"20":{"start":{"line":86,"column":10},"end":{"line":89,"column":12}}},"fnMap":{"0":{"name":"(anonymous_0)","decl":{"start":{"line":40,"column":8},"end":{"line":40,"column":9}},"loc":{"start":{"line":40,"column":20},"end":{"line":92,"column":3}},"line":40},"1":{"name":"(anonymous_1)","decl":{"start":{"line":41,"column":23},"end":{"line":41,"column":24}},"loc":{"start":{"line":41,"column":44},"end":{"line":91,"column":5}},"line":41},"2":{"name":"(anonymous_2)","decl":{"start":{"line":43,"column":14},"end":{"line":43,"column":15}},"loc":{"start":{"line":43,"column":24},"end":{"line":83,"column":9}},"line":43},"3":{"name":"(anonymous_3)","decl":{"start":{"line":84,"column":15},"end":{"line":84,"column":16}},"loc":{"start":{"line":84,"column":32},"end":{"line":90,"column":9}},"line":84}},"branchMap":{"0":{"loc":{"start":{"line":47,"column":12},"end":{"line":53,"column":13}},"type":"if","locations":[{"start":{"line":47,"column":12},"end":{"line":53,"column":13}},{"start":{},"end":{}}],"line":47},"1":{"loc":{"start":{"line":49,"column":14},"end":{"line":51,"column":15}},"type":"if","locations":[{"start":{"line":49,"column":14},"end":{"line":51,"column":15}},{"start":{},"end":{}}],"line":49},"2":{"loc":{"start":{"line":57,"column":12},"end":{"line":60,"column":13}},"type":"if","locations":[{"start":{"line":57,"column":12},"end":{"line":60,"column":13}},{"start":{},"end":{}}],"line":57}},"s":{"0":0,"1":0,"2":0,"3":0,"4":0,"5":0,"6":0,"7":0,"8":0,"9":0,"10":0,"11":0,"12":0,"13":0,"14":0,"15":0,"16":0,"17":0,"18":0,"19":0,"20":0},"f":{"0":0,"1":0,"2":0,"3":0},"b":{"0":[0,0],"1":[0,0],"2":[0,0]},"inputSourceMap":null}
,"/Users/scott/Projects/grad-path/src/js/college-costs/models/expenses-model.js": {"path":"/Users/scott/Projects/grad-path/src/js/college-costs/models/expenses-model.js","statementMap":{"0":{"start":{"line":14,"column":22},"end":{"line":163,"column":1}},"1":{"start":{"line":37,"column":24},"end":{"line":37,"column":25}},"2":{"start":{"line":39,"column":4},"end":{"line":43,"column":5}},"3":{"start":{"line":40,"column":6},"end":{"line":42,"column":7}},"4":{"start":{"line":41,"column":8},"end":{"line":41,"column":52}},"5":{"start":{"line":45,"column":4},"end":{"line":45,"column":56}},"6":{"start":{"line":46,"column":4},"end":{"line":49,"column":47}},"7":{"start":{"line":50,"column":4},"end":{"line":54,"column":5}},"8":{"start":{"line":51,"column":6},"end":{"line":51,"column":61}},"9":{"start":{"line":52,"column":11},"end":{"line":54,"column":5}},"10":{"start":{"line":53,"column":6},"end":{"line":53,"column":62}},"11":{"start":{"line":56,"column":4},"end":{"line":56,"column":25}},"12":{"start":{"line":66,"column":4},"end":{"line":66,"column":62}},"13":{"start":{"line":67,"column":4},"end":{"line":67,"column":36}},"14":{"start":{"line":68,"column":4},"end":{"line":70,"column":5}},"15":{"start":{"line":69,"column":6},"end":{"line":69,"column":27}},"16":{"start":{"line":80,"column":24},"end":{"line":90,"column":5}},"17":{"start":{"line":93,"column":4},"end":{"line":100,"column":5}},"18":{"start":{"line":94,"column":6},"end":{"line":99,"column":7}},"19":{"start":{"line":95,"column":8},"end":{"line":95,"column":31}},"20":{"start":{"line":96,"column":8},"end":{"line":98,"column":9}},"21":{"start":{"line":97,"column":10},"end":{"line":97,"column":21}},"22":{"start":{"line":102,"column":4},"end":{"line":102,"column":30}},"23":{"start":{"line":110,"column":31},"end":{"line":120,"column":5}},"24":{"start":{"line":122,"column":19},"end":{"line":122,"column":58}},"25":{"start":{"line":123,"column":24},"end":{"line":123,"column":61}},"26":{"start":{"line":125,"column":4},"end":{"line":136,"column":5}},"27":{"start":{"line":126,"column":6},"end":{"line":135,"column":7}},"28":{"start":{"line":127,"column":21},"end":{"line":127,"column":47}},"29":{"start":{"line":128,"column":8},"end":{"line":134,"column":9}},"30":{"start":{"line":129,"column":22},"end":{"line":131,"column":11}},"31":{"start":{"line":132,"column":10},"end":{"line":132,"column":41}},"32":{"start":{"line":133,"column":10},"end":{"line":133,"column":64}},"33":{"start":{"line":138,"column":4},"end":{"line":138,"column":36}},"34":{"start":{"line":139,"column":4},"end":{"line":139,"column":27}},"35":{"start":{"line":147,"column":4},"end":{"line":161,"column":7}},"36":{"start":{"line":148,"column":6},"end":{"line":160,"column":11}},"37":{"start":{"line":150,"column":10},"end":{"line":150,"column":64}},"38":{"start":{"line":151,"column":10},"end":{"line":151,"column":31}},"39":{"start":{"line":152,"column":10},"end":{"line":152,"column":24}},"40":{"start":{"line":155,"column":10},"end":{"line":155,"column":24}},"41":{"start":{"line":156,"column":10},"end":{"line":159,"column":12}}},"fnMap":{"0":{"name":"(anonymous_0)","decl":{"start":{"line":36,"column":19},"end":{"line":36,"column":20}},"loc":{"start":{"line":36,"column":25},"end":{"line":57,"column":3}},"line":36},"1":{"name":"(anonymous_1)","decl":{"start":{"line":65,"column":12},"end":{"line":65,"column":13}},"loc":{"start":{"line":65,"column":41},"end":{"line":71,"column":3}},"line":65},"2":{"name":"(anonymous_2)","decl":{"start":{"line":79,"column":19},"end":{"line":79,"column":20}},"loc":{"start":{"line":79,"column":37},"end":{"line":103,"column":3}},"line":79},"3":{"name":"(anonymous_3)","decl":{"start":{"line":109,"column":2},"end":{"line":109,"column":3}},"loc":{"start":{"line":109,"column":28},"end":{"line":140,"column":3}},"line":109},"4":{"name":"(anonymous_4)","decl":{"start":{"line":146,"column":8},"end":{"line":146,"column":9}},"loc":{"start":{"line":146,"column":20},"end":{"line":162,"column":3}},"line":146},"5":{"name":"(anonymous_5)","decl":{"start":{"line":147,"column":23},"end":{"line":147,"column":24}},"loc":{"start":{"line":147,"column":44},"end":{"line":161,"column":5}},"line":147},"6":{"name":"(anonymous_6)","decl":{"start":{"line":149,"column":14},"end":{"line":149,"column":15}},"loc":{"start":{"line":149,"column":24},"end":{"line":153,"column":9}},"line":149},"7":{"name":"(anonymous_7)","decl":{"start":{"line":154,"column":15},"end":{"line":154,"column":16}},"loc":{"start":{"line":154,"column":32},"end":{"line":160,"column":9}},"line":154}},"branchMap":{"0":{"loc":{"start":{"line":40,"column":6},"end":{"line":42,"column":7}},"type":"if","locations":[{"start":{"line":40,"column":6},"end":{"line":42,"column":7}},{"start":{},"end":{}}],"line":40},"1":{"loc":{"start":{"line":50,"column":4},"end":{"line":54,"column":5}},"type":"if","locations":[{"start":{"line":50,"column":4},"end":{"line":54,"column":5}},{"start":{"line":52,"column":11},"end":{"line":54,"column":5}}],"line":50},"2":{"loc":{"start":{"line":52,"column":11},"end":{"line":54,"column":5}},"type":"if","locations":[{"start":{"line":52,"column":11},"end":{"line":54,"column":5}},{"start":{},"end":{}}],"line":52},"3":{"loc":{"start":{"line":68,"column":4},"end":{"line":70,"column":5}},"type":"if","locations":[{"start":{"line":68,"column":4},"end":{"line":70,"column":5}},{"start":{},"end":{}}],"line":68},"4":{"loc":{"start":{"line":94,"column":6},"end":{"line":99,"column":7}},"type":"if","locations":[{"start":{"line":94,"column":6},"end":{"line":99,"column":7}},{"start":{},"end":{}}],"line":94},"5":{"loc":{"start":{"line":96,"column":8},"end":{"line":98,"column":9}},"type":"if","locations":[{"start":{"line":96,"column":8},"end":{"line":98,"column":9}},{"start":{},"end":{}}],"line":96},"6":{"loc":{"start":{"line":96,"column":12},"end":{"line":96,"column":48}},"type":"binary-expr","locations":[{"start":{"line":96,"column":12},"end":{"line":96,"column":28}},{"start":{"line":96,"column":32},"end":{"line":96,"column":48}}],"line":96},"7":{"loc":{"start":{"line":122,"column":19},"end":{"line":122,"column":58}},"type":"binary-expr","locations":[{"start":{"line":122,"column":19},"end":{"line":122,"column":53}},{"start":{"line":122,"column":57},"end":{"line":122,"column":58}}],"line":122},"8":{"loc":{"start":{"line":126,"column":6},"end":{"line":135,"column":7}},"type":"if","locations":[{"start":{"line":126,"column":6},"end":{"line":135,"column":7}},{"start":{},"end":{}}],"line":126},"9":{"loc":{"start":{"line":128,"column":8},"end":{"line":134,"column":9}},"type":"if","locations":[{"start":{"line":128,"column":8},"end":{"line":134,"column":9}},{"start":{},"end":{}}],"line":128}},"s":{"0":0,"1":0,"2":0,"3":0,"4":0,"5":0,"6":0,"7":0,"8":0,"9":0,"10":0,"11":0,"12":0,"13":0,"14":0,"15":0,"16":0,"17":0,"18":0,"19":0,"20":0,"21":0,"22":0,"23":0,"24":0,"25":0,"26":0,"27":0,"28":0,"29":0,"30":0,"31":0,"32":0,"33":0,"34":0,"35":0,"36":0,"37":0,"38":0,"39":0,"40":0,"41":0},"f":{"0":0,"1":0,"2":0,"3":0,"4":0,"5":0,"6":0,"7":0},"b":{"0":[0,0],"1":[0,0],"2":[0,0],"3":[0,0],"4":[0,0],"5":[0,0],"6":[0,0],"7":[0,0],"8":[0,0],"9":[0,0]},"inputSourceMap":null}
,"/Users/scott/Projects/grad-path/src/js/college-costs/models/financial-model.js": {"path":"/Users/scott/Projects/grad-path/src/js/college-costs/models/financial-model.js","statementMap":{"0":{"start":{"line":28,"column":23},"end":{"line":421,"column":1}},"1":{"start":{"line":34,"column":4},"end":{"line":36,"column":5}},"2":{"start":{"line":35,"column":6},"end":{"line":35,"column":38}},"3":{"start":{"line":44,"column":4},"end":{"line":48,"column":5}},"4":{"start":{"line":45,"column":6},"end":{"line":47,"column":7}},"5":{"start":{"line":46,"column":8},"end":{"line":46,"column":70}},"6":{"start":{"line":49,"column":4},"end":{"line":49,"column":33}},"7":{"start":{"line":57,"column":4},"end":{"line":57,"column":77}},"8":{"start":{"line":58,"column":4},"end":{"line":58,"column":34}},"9":{"start":{"line":59,"column":4},"end":{"line":59,"column":38}},"10":{"start":{"line":60,"column":4},"end":{"line":60,"column":21}},"11":{"start":{"line":63,"column":4},"end":{"line":64,"column":47}},"12":{"start":{"line":67,"column":18},"end":{"line":67,"column":79}},"13":{"start":{"line":69,"column":6},"end":{"line":69,"column":71}},"14":{"start":{"line":70,"column":24},"end":{"line":70,"column":78}},"15":{"start":{"line":71,"column":4},"end":{"line":71,"column":67}},"16":{"start":{"line":73,"column":4},"end":{"line":73,"column":26}},"17":{"start":{"line":76,"column":4},"end":{"line":79,"column":6}},"18":{"start":{"line":81,"column":4},"end":{"line":81,"column":48}},"19":{"start":{"line":91,"column":4},"end":{"line":99,"column":5}},"20":{"start":{"line":92,"column":6},"end":{"line":92,"column":65}},"21":{"start":{"line":93,"column":6},"end":{"line":93,"column":35}},"22":{"start":{"line":95,"column":6},"end":{"line":98,"column":7}},"23":{"start":{"line":96,"column":8},"end":{"line":96,"column":31}},"24":{"start":{"line":97,"column":8},"end":{"line":97,"column":48}},"25":{"start":{"line":106,"column":17},"end":{"line":106,"column":38}},"26":{"start":{"line":107,"column":19},"end":{"line":120,"column":5}},"27":{"start":{"line":123,"column":4},"end":{"line":125,"column":5}},"28":{"start":{"line":124,"column":6},"end":{"line":124,"column":28}},"29":{"start":{"line":128,"column":4},"end":{"line":130,"column":5}},"30":{"start":{"line":129,"column":6},"end":{"line":129,"column":38}},"31":{"start":{"line":133,"column":4},"end":{"line":144,"column":5}},"32":{"start":{"line":134,"column":21},"end":{"line":134,"column":39}},"33":{"start":{"line":135,"column":6},"end":{"line":143,"column":7}},"34":{"start":{"line":137,"column":18},"end":{"line":137,"column":28}},"35":{"start":{"line":138,"column":8},"end":{"line":140,"column":9}},"36":{"start":{"line":139,"column":10},"end":{"line":139,"column":53}},"37":{"start":{"line":142,"column":8},"end":{"line":142,"column":36}},"38":{"start":{"line":147,"column":4},"end":{"line":151,"column":27}},"39":{"start":{"line":152,"column":4},"end":{"line":152,"column":80}},"40":{"start":{"line":153,"column":4},"end":{"line":153,"column":71}},"41":{"start":{"line":154,"column":4},"end":{"line":155,"column":53}},"42":{"start":{"line":156,"column":4},"end":{"line":159,"column":39}},"43":{"start":{"line":160,"column":4},"end":{"line":163,"column":32}},"44":{"start":{"line":164,"column":4},"end":{"line":164,"column":73}},"45":{"start":{"line":165,"column":4},"end":{"line":165,"column":71}},"46":{"start":{"line":166,"column":4},"end":{"line":168,"column":6}},"47":{"start":{"line":170,"column":4},"end":{"line":172,"column":5}},"48":{"start":{"line":171,"column":6},"end":{"line":171,"column":25}},"49":{"start":{"line":182,"column":19},"end":{"line":182,"column":20}},"50":{"start":{"line":183,"column":19},"end":{"line":183,"column":21}},"51":{"start":{"line":184,"column":20},"end":{"line":190,"column":5}},"52":{"start":{"line":193,"column":17},"end":{"line":193,"column":58}},"53":{"start":{"line":196,"column":22},"end":{"line":200,"column":5}},"54":{"start":{"line":201,"column":4},"end":{"line":207,"column":5}},"55":{"start":{"line":202,"column":6},"end":{"line":202,"column":64}},"56":{"start":{"line":204,"column":6},"end":{"line":206,"column":7}},"57":{"start":{"line":205,"column":8},"end":{"line":205,"column":51}},"58":{"start":{"line":210,"column":4},"end":{"line":226,"column":5}},"59":{"start":{"line":212,"column":6},"end":{"line":212,"column":50}},"60":{"start":{"line":213,"column":6},"end":{"line":213,"column":52}},"61":{"start":{"line":214,"column":6},"end":{"line":214,"column":58}},"62":{"start":{"line":217,"column":6},"end":{"line":217,"column":50}},"63":{"start":{"line":218,"column":6},"end":{"line":218,"column":56}},"64":{"start":{"line":219,"column":6},"end":{"line":219,"column":59}},"65":{"start":{"line":221,"column":6},"end":{"line":225,"column":7}},"66":{"start":{"line":222,"column":8},"end":{"line":222,"column":74}},"67":{"start":{"line":224,"column":8},"end":{"line":224,"column":69}},"68":{"start":{"line":229,"column":24},"end":{"line":233,"column":5}},"69":{"start":{"line":234,"column":4},"end":{"line":239,"column":5}},"70":{"start":{"line":235,"column":6},"end":{"line":235,"column":68}},"71":{"start":{"line":236,"column":6},"end":{"line":238,"column":7}},"72":{"start":{"line":237,"column":8},"end":{"line":237,"column":55}},"73":{"start":{"line":242,"column":19},"end":{"line":245,"column":5}},"74":{"start":{"line":248,"column":4},"end":{"line":262,"column":5}},"75":{"start":{"line":249,"column":18},"end":{"line":249,"column":19}},"76":{"start":{"line":250,"column":21},"end":{"line":254,"column":7}},"77":{"start":{"line":255,"column":6},"end":{"line":260,"column":7}},"78":{"start":{"line":256,"column":8},"end":{"line":256,"column":29}},"79":{"start":{"line":257,"column":8},"end":{"line":259,"column":9}},"80":{"start":{"line":258,"column":10},"end":{"line":258,"column":37}},"81":{"start":{"line":261,"column":6},"end":{"line":261,"column":41}},"82":{"start":{"line":264,"column":4},"end":{"line":264,"column":18}},"83":{"start":{"line":274,"column":17},"end":{"line":274,"column":38}},"84":{"start":{"line":275,"column":21},"end":{"line":275,"column":39}},"85":{"start":{"line":276,"column":14},"end":{"line":276,"column":15}},"86":{"start":{"line":277,"column":4},"end":{"line":279,"column":5}},"87":{"start":{"line":278,"column":6},"end":{"line":278,"column":36}},"88":{"start":{"line":280,"column":16},"end":{"line":280,"column":45}},"89":{"start":{"line":281,"column":4},"end":{"line":281,"column":34}},"90":{"start":{"line":283,"column":4},"end":{"line":283,"column":15}},"91":{"start":{"line":290,"column":4},"end":{"line":298,"column":5}},"92":{"start":{"line":291,"column":6},"end":{"line":293,"column":8}},"93":{"start":{"line":295,"column":6},"end":{"line":297,"column":8}},"94":{"start":{"line":305,"column":4},"end":{"line":308,"column":6}},"95":{"start":{"line":310,"column":4},"end":{"line":313,"column":6}},"96":{"start":{"line":315,"column":4},"end":{"line":321,"column":6}},"97":{"start":{"line":328,"column":17},"end":{"line":328,"column":45}},"98":{"start":{"line":329,"column":17},"end":{"line":329,"column":45}},"99":{"start":{"line":330,"column":20},"end":{"line":330,"column":51}},"100":{"start":{"line":332,"column":27},"end":{"line":336,"column":5}},"101":{"start":{"line":337,"column":30},"end":{"line":341,"column":5}},"102":{"start":{"line":342,"column":28},"end":{"line":346,"column":5}},"103":{"start":{"line":347,"column":22},"end":{"line":347,"column":31}},"104":{"start":{"line":348,"column":22},"end":{"line":348,"column":31}},"105":{"start":{"line":349,"column":20},"end":{"line":349,"column":27}},"106":{"start":{"line":352,"column":4},"end":{"line":356,"column":5}},"107":{"start":{"line":353,"column":6},"end":{"line":353,"column":28}},"108":{"start":{"line":355,"column":6},"end":{"line":355,"column":29}},"109":{"start":{"line":359,"column":4},"end":{"line":363,"column":5}},"110":{"start":{"line":360,"column":6},"end":{"line":360,"column":42}},"111":{"start":{"line":362,"column":6},"end":{"line":362,"column":27}},"112":{"start":{"line":366,"column":4},"end":{"line":368,"column":6}},"113":{"start":{"line":371,"column":4},"end":{"line":371,"column":79}},"114":{"start":{"line":374,"column":4},"end":{"line":374,"column":46}},"115":{"start":{"line":375,"column":4},"end":{"line":381,"column":5}},"116":{"start":{"line":376,"column":6},"end":{"line":376,"column":48}},"117":{"start":{"line":378,"column":6},"end":{"line":380,"column":8}},"118":{"start":{"line":384,"column":4},"end":{"line":384,"column":42}},"119":{"start":{"line":385,"column":4},"end":{"line":387,"column":6}},"120":{"start":{"line":390,"column":4},"end":{"line":392,"column":6}},"121":{"start":{"line":394,"column":4},"end":{"line":394,"column":33}},"122":{"start":{"line":401,"column":4},"end":{"line":405,"column":5}},"123":{"start":{"line":402,"column":6},"end":{"line":404,"column":7}},"124":{"start":{"line":403,"column":8},"end":{"line":403,"column":39}},"125":{"start":{"line":406,"column":4},"end":{"line":406,"column":33}},"126":{"start":{"line":413,"column":4},"end":{"line":413,"column":32}},"127":{"start":{"line":415,"column":4},"end":{"line":415,"column":66}},"128":{"start":{"line":419,"column":4},"end":{"line":419,"column":38}}},"fnMap":{"0":{"name":"(anonymous_0)","decl":{"start":{"line":33,"column":27},"end":{"line":33,"column":28}},"loc":{"start":{"line":33,"column":43},"end":{"line":37,"column":3}},"line":33},"1":{"name":"(anonymous_1)","decl":{"start":{"line":43,"column":16},"end":{"line":43,"column":17}},"loc":{"start":{"line":43,"column":26},"end":{"line":50,"column":3}},"line":43},"2":{"name":"(anonymous_2)","decl":{"start":{"line":56,"column":15},"end":{"line":56,"column":16}},"loc":{"start":{"line":56,"column":21},"end":{"line":82,"column":3}},"line":56},"3":{"name":"(anonymous_3)","decl":{"start":{"line":90,"column":12},"end":{"line":90,"column":13}},"loc":{"start":{"line":90,"column":41},"end":{"line":100,"column":3}},"line":90},"4":{"name":"(anonymous_4)","decl":{"start":{"line":105,"column":20},"end":{"line":105,"column":21}},"loc":{"start":{"line":105,"column":26},"end":{"line":173,"column":3}},"line":105},"5":{"name":"(anonymous_5)","decl":{"start":{"line":181,"column":18},"end":{"line":181,"column":19}},"loc":{"start":{"line":181,"column":24},"end":{"line":265,"column":3}},"line":181},"6":{"name":"(anonymous_6)","decl":{"start":{"line":273,"column":2},"end":{"line":273,"column":3}},"loc":{"start":{"line":273,"column":24},"end":{"line":284,"column":3}},"line":273},"7":{"name":"(anonymous_7)","decl":{"start":{"line":289,"column":16},"end":{"line":289,"column":17}},"loc":{"start":{"line":289,"column":22},"end":{"line":299,"column":3}},"line":289},"8":{"name":"(anonymous_8)","decl":{"start":{"line":304,"column":30},"end":{"line":304,"column":31}},"loc":{"start":{"line":304,"column":36},"end":{"line":322,"column":3}},"line":304},"9":{"name":"(anonymous_9)","decl":{"start":{"line":327,"column":30},"end":{"line":327,"column":31}},"loc":{"start":{"line":327,"column":36},"end":{"line":395,"column":3}},"line":327},"10":{"name":"(anonymous_10)","decl":{"start":{"line":400,"column":14},"end":{"line":400,"column":15}},"loc":{"start":{"line":400,"column":20},"end":{"line":407,"column":3}},"line":400},"11":{"name":"(anonymous_11)","decl":{"start":{"line":412,"column":8},"end":{"line":412,"column":9}},"loc":{"start":{"line":412,"column":14},"end":{"line":420,"column":3}},"line":412}},"branchMap":{"0":{"loc":{"start":{"line":34,"column":4},"end":{"line":36,"column":5}},"type":"if","locations":[{"start":{"line":34,"column":4},"end":{"line":36,"column":5}},{"start":{},"end":{}}],"line":34},"1":{"loc":{"start":{"line":45,"column":6},"end":{"line":47,"column":7}},"type":"if","locations":[{"start":{"line":45,"column":6},"end":{"line":47,"column":7}},{"start":{},"end":{}}],"line":45},"2":{"loc":{"start":{"line":91,"column":4},"end":{"line":99,"column":5}},"type":"if","locations":[{"start":{"line":91,"column":4},"end":{"line":99,"column":5}},{"start":{},"end":{}}],"line":91},"3":{"loc":{"start":{"line":95,"column":6},"end":{"line":98,"column":7}},"type":"if","locations":[{"start":{"line":95,"column":6},"end":{"line":98,"column":7}},{"start":{},"end":{}}],"line":95},"4":{"loc":{"start":{"line":128,"column":4},"end":{"line":130,"column":5}},"type":"if","locations":[{"start":{"line":128,"column":4},"end":{"line":130,"column":5}},{"start":{},"end":{}}],"line":128},"5":{"loc":{"start":{"line":135,"column":6},"end":{"line":143,"column":7}},"type":"if","locations":[{"start":{"line":135,"column":6},"end":{"line":143,"column":7}},{"start":{},"end":{}}],"line":135},"6":{"loc":{"start":{"line":138,"column":8},"end":{"line":140,"column":9}},"type":"if","locations":[{"start":{"line":138,"column":8},"end":{"line":140,"column":9}},{"start":{},"end":{}}],"line":138},"7":{"loc":{"start":{"line":170,"column":4},"end":{"line":172,"column":5}},"type":"if","locations":[{"start":{"line":170,"column":4},"end":{"line":172,"column":5}},{"start":{},"end":{}}],"line":170},"8":{"loc":{"start":{"line":201,"column":4},"end":{"line":207,"column":5}},"type":"if","locations":[{"start":{"line":201,"column":4},"end":{"line":207,"column":5}},{"start":{},"end":{}}],"line":201},"9":{"loc":{"start":{"line":204,"column":6},"end":{"line":206,"column":7}},"type":"if","locations":[{"start":{"line":204,"column":6},"end":{"line":206,"column":7}},{"start":{},"end":{}}],"line":204},"10":{"loc":{"start":{"line":210,"column":4},"end":{"line":226,"column":5}},"type":"if","locations":[{"start":{"line":210,"column":4},"end":{"line":226,"column":5}},{"start":{"line":215,"column":11},"end":{"line":226,"column":5}}],"line":210},"11":{"loc":{"start":{"line":221,"column":6},"end":{"line":225,"column":7}},"type":"if","locations":[{"start":{"line":221,"column":6},"end":{"line":225,"column":7}},{"start":{"line":223,"column":13},"end":{"line":225,"column":7}}],"line":221},"12":{"loc":{"start":{"line":234,"column":4},"end":{"line":239,"column":5}},"type":"if","locations":[{"start":{"line":234,"column":4},"end":{"line":239,"column":5}},{"start":{},"end":{}}],"line":234},"13":{"loc":{"start":{"line":236,"column":6},"end":{"line":238,"column":7}},"type":"if","locations":[{"start":{"line":236,"column":6},"end":{"line":238,"column":7}},{"start":{},"end":{}}],"line":236},"14":{"loc":{"start":{"line":255,"column":6},"end":{"line":260,"column":7}},"type":"if","locations":[{"start":{"line":255,"column":6},"end":{"line":260,"column":7}},{"start":{},"end":{}}],"line":255},"15":{"loc":{"start":{"line":257,"column":8},"end":{"line":259,"column":9}},"type":"if","locations":[{"start":{"line":257,"column":8},"end":{"line":259,"column":9}},{"start":{},"end":{}}],"line":257},"16":{"loc":{"start":{"line":277,"column":4},"end":{"line":279,"column":5}},"type":"if","locations":[{"start":{"line":277,"column":4},"end":{"line":279,"column":5}},{"start":{},"end":{}}],"line":277},"17":{"loc":{"start":{"line":290,"column":4},"end":{"line":298,"column":5}},"type":"if","locations":[{"start":{"line":290,"column":4},"end":{"line":298,"column":5}},{"start":{"line":294,"column":11},"end":{"line":298,"column":5}}],"line":290},"18":{"loc":{"start":{"line":352,"column":4},"end":{"line":356,"column":5}},"type":"if","locations":[{"start":{"line":352,"column":4},"end":{"line":356,"column":5}},{"start":{"line":354,"column":11},"end":{"line":356,"column":5}}],"line":352},"19":{"loc":{"start":{"line":359,"column":4},"end":{"line":363,"column":5}},"type":"if","locations":[{"start":{"line":359,"column":4},"end":{"line":363,"column":5}},{"start":{"line":361,"column":11},"end":{"line":363,"column":5}}],"line":359},"20":{"loc":{"start":{"line":375,"column":4},"end":{"line":381,"column":5}},"type":"if","locations":[{"start":{"line":375,"column":4},"end":{"line":381,"column":5}},{"start":{"line":377,"column":11},"end":{"line":381,"column":5}}],"line":375},"21":{"loc":{"start":{"line":402,"column":6},"end":{"line":404,"column":7}},"type":"if","locations":[{"start":{"line":402,"column":6},"end":{"line":404,"column":7}},{"start":{},"end":{}}],"line":402},"22":{"loc":{"start":{"line":402,"column":10},"end":{"line":402,"column":69}},"type":"binary-expr","locations":[{"start":{"line":402,"column":10},"end":{"line":402,"column":37}},{"start":{"line":402,"column":41},"end":{"line":402,"column":69}}],"line":402}},"s":{"0":0,"1":0,"2":0,"3":0,"4":0,"5":0,"6":0,"7":0,"8":0,"9":0,"10":0,"11":0,"12":0,"13":0,"14":0,"15":0,"16":0,"17":0,"18":0,"19":0,"20":0,"21":0,"22":0,"23":0,"24":0,"25":0,"26":0,"27":0,"28":0,"29":0,"30":0,"31":0,"32":0,"33":0,"34":0,"35":0,"36":0,"37":0,"38":0,"39":0,"40":0,"41":0,"42":0,"43":0,"44":0,"45":0,"46":0,"47":0,"48":0,"49":0,"50":0,"51":0,"52":0,"53":0,"54":0,"55":0,"56":0,"57":0,"58":0,"59":0,"60":0,"61":0,"62":0,"63":0,"64":0,"65":0,"66":0,"67":0,"68":0,"69":0,"70":0,"71":0,"72":0,"73":0,"74":0,"75":0,"76":0,"77":0,"78":0,"79":0,"80":0,"81":0,"82":0,"83":0,"84":0,"85":0,"86":0,"87":0,"88":0,"89":0,"90":0,"91":0,"92":0,"93":0,"94":0,"95":0,"96":0,"97":0,"98":0,"99":0,"100":0,"101":0,"102":0,"103":0,"104":0,"105":0,"106":0,"107":0,"108":0,"109":0,"110":0,"111":0,"112":0,"113":0,"114":0,"115":0,"116":0,"117":0,"118":0,"119":0,"120":0,"121":0,"122":0,"123":0,"124":0,"125":0,"126":0,"127":0,"128":0},"f":{"0":0,"1":0,"2":0,"3":0,"4":0,"5":0,"6":0,"7":0,"8":0,"9":0,"10":0,"11":0},"b":{"0":[0,0],"1":[0,0],"2":[0,0],"3":[0,0],"4":[0,0],"5":[0,0],"6":[0,0],"7":[0,0],"8":[0,0],"9":[0,0],"10":[0,0],"11":[0,0],"12":[0,0],"13":[0,0],"14":[0,0],"15":[0,0],"16":[0,0],"17":[0,0],"18":[0,0],"19":[0,0],"20":[0,0],"21":[0,0],"22":[0,0]},"inputSourceMap":null}
,"/Users/scott/Projects/grad-path/src/js/college-costs/models/school-model.js": {"path":"/Users/scott/Projects/grad-path/src/js/college-costs/models/school-model.js","statementMap":{"0":{"start":{"line":7,"column":20},"end":{"line":112,"column":1}},"1":{"start":{"line":18,"column":4},"end":{"line":18,"column":37}},"2":{"start":{"line":20,"column":4},"end":{"line":23,"column":5}},"3":{"start":{"line":21,"column":18},"end":{"line":21,"column":31}},"4":{"start":{"line":22,"column":6},"end":{"line":22,"column":65}},"5":{"start":{"line":25,"column":4},"end":{"line":27,"column":5}},"6":{"start":{"line":26,"column":6},"end":{"line":26,"column":53}},"7":{"start":{"line":29,"column":4},"end":{"line":31,"column":5}},"8":{"start":{"line":30,"column":6},"end":{"line":30,"column":79}},"9":{"start":{"line":33,"column":4},"end":{"line":35,"column":5}},"10":{"start":{"line":34,"column":6},"end":{"line":34,"column":29}},"11":{"start":{"line":42,"column":4},"end":{"line":42,"column":40}},"12":{"start":{"line":43,"column":4},"end":{"line":60,"column":5}},"13":{"start":{"line":47,"column":27},"end":{"line":47,"column":58}},"14":{"start":{"line":48,"column":6},"end":{"line":59,"column":7}},"15":{"start":{"line":49,"column":8},"end":{"line":49,"column":49}},"16":{"start":{"line":50,"column":8},"end":{"line":58,"column":9}},"17":{"start":{"line":51,"column":10},"end":{"line":57,"column":13}},"18":{"start":{"line":52,"column":12},"end":{"line":56,"column":14}},"19":{"start":{"line":70,"column":15},"end":{"line":70,"column":17}},"20":{"start":{"line":71,"column":4},"end":{"line":72,"column":18}},"21":{"start":{"line":72,"column":6},"end":{"line":72,"column":18}},"22":{"start":{"line":73,"column":4},"end":{"line":74,"column":18}},"23":{"start":{"line":74,"column":6},"end":{"line":74,"column":18}},"24":{"start":{"line":76,"column":4},"end":{"line":86,"column":7}},"25":{"start":{"line":77,"column":6},"end":{"line":84,"column":7}},"26":{"start":{"line":78,"column":8},"end":{"line":78,"column":18}},"27":{"start":{"line":79,"column":13},"end":{"line":84,"column":7}},"28":{"start":{"line":80,"column":8},"end":{"line":80,"column":17}},"29":{"start":{"line":81,"column":13},"end":{"line":84,"column":7}},"30":{"start":{"line":82,"column":8},"end":{"line":83,"column":45}},"31":{"start":{"line":82,"column":31},"end":{"line":82,"column":41}},"32":{"start":{"line":83,"column":13},"end":{"line":83,"column":45}},"33":{"start":{"line":83,"column":36},"end":{"line":83,"column":45}},"34":{"start":{"line":85,"column":6},"end":{"line":85,"column":15}},"35":{"start":{"line":88,"column":4},"end":{"line":88,"column":16}},"36":{"start":{"line":97,"column":18},"end":{"line":97,"column":47}},"37":{"start":{"line":98,"column":21},"end":{"line":98,"column":54}},"38":{"start":{"line":99,"column":23},"end":{"line":99,"column":65}},"39":{"start":{"line":101,"column":4},"end":{"line":108,"column":5}},"40":{"start":{"line":102,"column":6},"end":{"line":102,"column":19}},"41":{"start":{"line":103,"column":11},"end":{"line":108,"column":5}},"42":{"start":{"line":107,"column":6},"end":{"line":107,"column":19}},"43":{"start":{"line":110,"column":4},"end":{"line":110,"column":54}}},"fnMap":{"0":{"name":"(anonymous_0)","decl":{"start":{"line":17,"column":12},"end":{"line":17,"column":13}},"loc":{"start":{"line":17,"column":46},"end":{"line":36,"column":3}},"line":17},"1":{"name":"(anonymous_1)","decl":{"start":{"line":41,"column":22},"end":{"line":41,"column":23}},"loc":{"start":{"line":41,"column":34},"end":{"line":61,"column":3}},"line":41},"2":{"name":"(anonymous_2)","decl":{"start":{"line":51,"column":36},"end":{"line":51,"column":37}},"loc":{"start":{"line":51,"column":46},"end":{"line":57,"column":11}},"line":51},"3":{"name":"(anonymous_3)","decl":{"start":{"line":69,"column":30},"end":{"line":69,"column":31}},"loc":{"start":{"line":69,"column":47},"end":{"line":89,"column":3}},"line":69},"4":{"name":"(anonymous_4)","decl":{"start":{"line":76,"column":55},"end":{"line":76,"column":56}},"loc":{"start":{"line":76,"column":65},"end":{"line":86,"column":5}},"line":76},"5":{"name":"(anonymous_5)","decl":{"start":{"line":96,"column":18},"end":{"line":96,"column":19}},"loc":{"start":{"line":96,"column":33},"end":{"line":111,"column":3}},"line":96}},"branchMap":{"0":{"loc":{"start":{"line":20,"column":4},"end":{"line":23,"column":5}},"type":"if","locations":[{"start":{"line":20,"column":4},"end":{"line":23,"column":5}},{"start":{},"end":{}}],"line":20},"1":{"loc":{"start":{"line":25,"column":4},"end":{"line":27,"column":5}},"type":"if","locations":[{"start":{"line":25,"column":4},"end":{"line":27,"column":5}},{"start":{},"end":{}}],"line":25},"2":{"loc":{"start":{"line":29,"column":4},"end":{"line":31,"column":5}},"type":"if","locations":[{"start":{"line":29,"column":4},"end":{"line":31,"column":5}},{"start":{},"end":{}}],"line":29},"3":{"loc":{"start":{"line":33,"column":4},"end":{"line":35,"column":5}},"type":"if","locations":[{"start":{"line":33,"column":4},"end":{"line":35,"column":5}},{"start":{},"end":{}}],"line":33},"4":{"loc":{"start":{"line":43,"column":4},"end":{"line":60,"column":5}},"type":"if","locations":[{"start":{"line":43,"column":4},"end":{"line":60,"column":5}},{"start":{},"end":{}}],"line":43},"5":{"loc":{"start":{"line":44,"column":6},"end":{"line":45,"column":46}},"type":"binary-expr","locations":[{"start":{"line":44,"column":6},"end":{"line":44,"column":64}},{"start":{"line":45,"column":6},"end":{"line":45,"column":46}}],"line":44},"6":{"loc":{"start":{"line":50,"column":8},"end":{"line":58,"column":9}},"type":"if","locations":[{"start":{"line":50,"column":8},"end":{"line":58,"column":9}},{"start":{},"end":{}}],"line":50},"7":{"loc":{"start":{"line":71,"column":4},"end":{"line":72,"column":18}},"type":"if","locations":[{"start":{"line":71,"column":4},"end":{"line":72,"column":18}},{"start":{},"end":{}}],"line":71},"8":{"loc":{"start":{"line":73,"column":4},"end":{"line":74,"column":18}},"type":"if","locations":[{"start":{"line":73,"column":4},"end":{"line":74,"column":18}},{"start":{},"end":{}}],"line":73},"9":{"loc":{"start":{"line":77,"column":6},"end":{"line":84,"column":7}},"type":"if","locations":[{"start":{"line":77,"column":6},"end":{"line":84,"column":7}},{"start":{"line":79,"column":13},"end":{"line":84,"column":7}}],"line":77},"10":{"loc":{"start":{"line":79,"column":13},"end":{"line":84,"column":7}},"type":"if","locations":[{"start":{"line":79,"column":13},"end":{"line":84,"column":7}},{"start":{"line":81,"column":13},"end":{"line":84,"column":7}}],"line":79},"11":{"loc":{"start":{"line":81,"column":13},"end":{"line":84,"column":7}},"type":"if","locations":[{"start":{"line":81,"column":13},"end":{"line":84,"column":7}},{"start":{},"end":{}}],"line":81},"12":{"loc":{"start":{"line":82,"column":8},"end":{"line":83,"column":45}},"type":"if","locations":[{"start":{"line":82,"column":8},"end":{"line":83,"column":45}},{"start":{"line":83,"column":13},"end":{"line":83,"column":45}}],"line":82},"13":{"loc":{"start":{"line":83,"column":13},"end":{"line":83,"column":45}},"type":"if","locations":[{"start":{"line":83,"column":13},"end":{"line":83,"column":45}},{"start":{},"end":{}}],"line":83},"14":{"loc":{"start":{"line":98,"column":21},"end":{"line":98,"column":54}},"type":"binary-expr","locations":[{"start":{"line":98,"column":21},"end":{"line":98,"column":35}},{"start":{"line":98,"column":39},"end":{"line":98,"column":54}}],"line":98},"15":{"loc":{"start":{"line":99,"column":23},"end":{"line":99,"column":65}},"type":"binary-expr","locations":[{"start":{"line":99,"column":23},"end":{"line":99,"column":35}},{"start":{"line":99,"column":39},"end":{"line":99,"column":65}}],"line":99},"16":{"loc":{"start":{"line":101,"column":4},"end":{"line":108,"column":5}},"type":"if","locations":[{"start":{"line":101,"column":4},"end":{"line":108,"column":5}},{"start":{"line":103,"column":11},"end":{"line":108,"column":5}}],"line":101},"17":{"loc":{"start":{"line":101,"column":8},"end":{"line":101,"column":32}},"type":"binary-expr","locations":[{"start":{"line":101,"column":8},"end":{"line":101,"column":19}},{"start":{"line":101,"column":23},"end":{"line":101,"column":32}}],"line":101},"18":{"loc":{"start":{"line":103,"column":11},"end":{"line":108,"column":5}},"type":"if","locations":[{"start":{"line":103,"column":11},"end":{"line":108,"column":5}},{"start":{},"end":{}}],"line":103},"19":{"loc":{"start":{"line":104,"column":6},"end":{"line":105,"column":73}},"type":"binary-expr","locations":[{"start":{"line":104,"column":6},"end":{"line":104,"column":64}},{"start":{"line":105,"column":6},"end":{"line":105,"column":73}}],"line":104}},"s":{"0":0,"1":0,"2":0,"3":0,"4":0,"5":0,"6":0,"7":0,"8":0,"9":0,"10":0,"11":0,"12":0,"13":0,"14":0,"15":0,"16":0,"17":0,"18":0,"19":0,"20":0,"21":0,"22":0,"23":0,"24":0,"25":0,"26":0,"27":0,"28":0,"29":0,"30":0,"31":0,"32":0,"33":0,"34":0,"35":0,"36":0,"37":0,"38":0,"39":0,"40":0,"41":0,"42":0,"43":0},"f":{"0":0,"1":0,"2":0,"3":0,"4":0,"5":0},"b":{"0":[0,0],"1":[0,0],"2":[0,0],"3":[0,0],"4":[0,0],"5":[0,0],"6":[0,0],"7":[0,0],"8":[0,0],"9":[0,0],"10":[0,0],"11":[0,0],"12":[0,0],"13":[0,0],"14":[0,0],"15":[0,0],"16":[0,0],"17":[0,0],"18":[0,0],"19":[0,0]},"inputSourceMap":null}
,"/Users/scott/Projects/grad-path/src/js/college-costs/models/state-model.js": {"path":"/Users/scott/Projects/grad-path/src/js/college-costs/models/state-model.js","statementMap":{"0":{"start":{"line":39,"column":19},"end":{"line":299,"column":1}},"1":{"start":{"line":114,"column":4},"end":{"line":116,"column":5}},"2":{"start":{"line":115,"column":6},"end":{"line":115,"column":19}},"3":{"start":{"line":117,"column":16},"end":{"line":117,"column":33}},"4":{"start":{"line":118,"column":20},"end":{"line":118,"column":45}},"5":{"start":{"line":119,"column":4},"end":{"line":119,"column":42}},"6":{"start":{"line":120,"column":4},"end":{"line":120,"column":43}},"7":{"start":{"line":122,"column":26},"end":{"line":135,"column":5}},"8":{"start":{"line":138,"column":4},"end":{"line":148,"column":5}},"9":{"start":{"line":139,"column":6},"end":{"line":147,"column":7}},"10":{"start":{"line":140,"column":8},"end":{"line":140,"column":44}},"11":{"start":{"line":141,"column":8},"end":{"line":141,"column":42}},"12":{"start":{"line":142,"column":8},"end":{"line":142,"column":47}},"13":{"start":{"line":143,"column":8},"end":{"line":143,"column":48}},"14":{"start":{"line":145,"column":8},"end":{"line":145,"column":39}},"15":{"start":{"line":146,"column":8},"end":{"line":146,"column":37}},"16":{"start":{"line":150,"column":4},"end":{"line":153,"column":5}},"17":{"start":{"line":151,"column":6},"end":{"line":151,"column":49}},"18":{"start":{"line":152,"column":6},"end":{"line":152,"column":50}},"19":{"start":{"line":155,"column":4},"end":{"line":155,"column":16}},"20":{"start":{"line":162,"column":20},"end":{"line":162,"column":25}},"21":{"start":{"line":163,"column":16},"end":{"line":163,"column":33}},"22":{"start":{"line":164,"column":4},"end":{"line":166,"column":5}},"23":{"start":{"line":165,"column":6},"end":{"line":165,"column":23}},"24":{"start":{"line":167,"column":4},"end":{"line":167,"column":50}},"25":{"start":{"line":168,"column":4},"end":{"line":168,"column":51}},"26":{"start":{"line":175,"column":24},"end":{"line":175,"column":53}},"27":{"start":{"line":176,"column":23},"end":{"line":176,"column":34}},"28":{"start":{"line":177,"column":4},"end":{"line":179,"column":5}},"29":{"start":{"line":178,"column":6},"end":{"line":178,"column":32}},"30":{"start":{"line":181,"column":4},"end":{"line":181,"column":50}},"31":{"start":{"line":182,"column":4},"end":{"line":182,"column":51}},"32":{"start":{"line":190,"column":22},"end":{"line":205,"column":5}},"33":{"start":{"line":207,"column":22},"end":{"line":213,"column":5}},"34":{"start":{"line":216,"column":4},"end":{"line":218,"column":5}},"35":{"start":{"line":217,"column":6},"end":{"line":217,"column":29}},"36":{"start":{"line":221,"column":4},"end":{"line":224,"column":5}},"37":{"start":{"line":222,"column":6},"end":{"line":222,"column":30}},"38":{"start":{"line":223,"column":6},"end":{"line":223,"column":46}},"39":{"start":{"line":226,"column":4},"end":{"line":231,"column":5}},"40":{"start":{"line":227,"column":20},"end":{"line":227,"column":47}},"41":{"start":{"line":228,"column":18},"end":{"line":228,"column":35}},"42":{"start":{"line":229,"column":6},"end":{"line":229,"column":72}},"43":{"start":{"line":230,"column":6},"end":{"line":230,"column":26}},"44":{"start":{"line":234,"column":4},"end":{"line":236,"column":5}},"45":{"start":{"line":235,"column":6},"end":{"line":235,"column":26}},"46":{"start":{"line":239,"column":4},"end":{"line":239,"column":34}},"47":{"start":{"line":240,"column":4},"end":{"line":240,"column":37}},"48":{"start":{"line":241,"column":4},"end":{"line":241,"column":38}},"49":{"start":{"line":248,"column":25},"end":{"line":250,"column":5}},"50":{"start":{"line":251,"column":4},"end":{"line":251,"column":73}},"51":{"start":{"line":259,"column":25},"end":{"line":261,"column":5}},"52":{"start":{"line":262,"column":4},"end":{"line":263,"column":43}},"53":{"start":{"line":263,"column":6},"end":{"line":263,"column":43}},"54":{"start":{"line":264,"column":4},"end":{"line":264,"column":65}},"55":{"start":{"line":274,"column":4},"end":{"line":278,"column":5}},"56":{"start":{"line":275,"column":6},"end":{"line":275,"column":41}},"57":{"start":{"line":276,"column":11},"end":{"line":278,"column":5}},"58":{"start":{"line":277,"column":6},"end":{"line":277,"column":58}},"59":{"start":{"line":279,"column":4},"end":{"line":279,"column":36}},"60":{"start":{"line":280,"column":4},"end":{"line":280,"column":34}},"61":{"start":{"line":282,"column":4},"end":{"line":282,"column":45}},"62":{"start":{"line":291,"column":4},"end":{"line":291,"column":45}},"63":{"start":{"line":292,"column":4},"end":{"line":292,"column":49}},"64":{"start":{"line":293,"column":4},"end":{"line":293,"column":44}},"65":{"start":{"line":294,"column":4},"end":{"line":296,"column":5}},"66":{"start":{"line":295,"column":6},"end":{"line":295,"column":38}},"67":{"start":{"line":297,"column":4},"end":{"line":297,"column":27}}},"fnMap":{"0":{"name":"(anonymous_0)","decl":{"start":{"line":112,"column":24},"end":{"line":112,"column":25}},"loc":{"start":{"line":112,"column":36},"end":{"line":156,"column":3}},"line":112},"1":{"name":"(anonymous_1)","decl":{"start":{"line":161,"column":23},"end":{"line":161,"column":24}},"loc":{"start":{"line":161,"column":29},"end":{"line":169,"column":3}},"line":161},"2":{"name":"(anonymous_2)","decl":{"start":{"line":174,"column":20},"end":{"line":174,"column":21}},"loc":{"start":{"line":174,"column":26},"end":{"line":183,"column":3}},"line":174},"3":{"name":"(anonymous_3)","decl":{"start":{"line":189,"column":27},"end":{"line":189,"column":28}},"loc":{"start":{"line":189,"column":41},"end":{"line":242,"column":3}},"line":189},"4":{"name":"(anonymous_4)","decl":{"start":{"line":247,"column":22},"end":{"line":247,"column":23}},"loc":{"start":{"line":247,"column":28},"end":{"line":252,"column":3}},"line":247},"5":{"name":"(anonymous_5)","decl":{"start":{"line":258,"column":25},"end":{"line":258,"column":26}},"loc":{"start":{"line":258,"column":42},"end":{"line":265,"column":3}},"line":258},"6":{"name":"(anonymous_6)","decl":{"start":{"line":272,"column":12},"end":{"line":272,"column":13}},"loc":{"start":{"line":272,"column":35},"end":{"line":283,"column":3}},"line":272},"7":{"name":"(anonymous_7)","decl":{"start":{"line":290,"column":20},"end":{"line":290,"column":21}},"loc":{"start":{"line":290,"column":47},"end":{"line":298,"column":3}},"line":290}},"branchMap":{"0":{"loc":{"start":{"line":114,"column":4},"end":{"line":116,"column":5}},"type":"if","locations":[{"start":{"line":114,"column":4},"end":{"line":116,"column":5}},{"start":{},"end":{}}],"line":114},"1":{"loc":{"start":{"line":128,"column":20},"end":{"line":128,"column":78}},"type":"binary-expr","locations":[{"start":{"line":128,"column":20},"end":{"line":128,"column":54}},{"start":{"line":128,"column":58},"end":{"line":128,"column":78}}],"line":128},"2":{"loc":{"start":{"line":130,"column":8},"end":{"line":131,"column":45}},"type":"binary-expr","locations":[{"start":{"line":130,"column":8},"end":{"line":130,"column":40}},{"start":{"line":131,"column":8},"end":{"line":131,"column":45}}],"line":130},"3":{"loc":{"start":{"line":133,"column":8},"end":{"line":134,"column":48}},"type":"binary-expr","locations":[{"start":{"line":133,"column":8},"end":{"line":133,"column":40}},{"start":{"line":134,"column":8},"end":{"line":134,"column":48}}],"line":133},"4":{"loc":{"start":{"line":139,"column":6},"end":{"line":147,"column":7}},"type":"if","locations":[{"start":{"line":139,"column":6},"end":{"line":147,"column":7}},{"start":{"line":144,"column":13},"end":{"line":147,"column":7}}],"line":139},"5":{"loc":{"start":{"line":150,"column":4},"end":{"line":153,"column":5}},"type":"if","locations":[{"start":{"line":150,"column":4},"end":{"line":153,"column":5}},{"start":{},"end":{}}],"line":150},"6":{"loc":{"start":{"line":164,"column":4},"end":{"line":166,"column":5}},"type":"if","locations":[{"start":{"line":164,"column":4},"end":{"line":166,"column":5}},{"start":{},"end":{}}],"line":164},"7":{"loc":{"start":{"line":164,"column":8},"end":{"line":164,"column":60}},"type":"binary-expr","locations":[{"start":{"line":164,"column":8},"end":{"line":164,"column":39}},{"start":{"line":164,"column":43},"end":{"line":164,"column":60}}],"line":164},"8":{"loc":{"start":{"line":177,"column":4},"end":{"line":179,"column":5}},"type":"if","locations":[{"start":{"line":177,"column":4},"end":{"line":179,"column":5}},{"start":{},"end":{}}],"line":177},"9":{"loc":{"start":{"line":216,"column":4},"end":{"line":218,"column":5}},"type":"if","locations":[{"start":{"line":216,"column":4},"end":{"line":218,"column":5}},{"start":{},"end":{}}],"line":216},"10":{"loc":{"start":{"line":221,"column":4},"end":{"line":224,"column":5}},"type":"if","locations":[{"start":{"line":221,"column":4},"end":{"line":224,"column":5}},{"start":{},"end":{}}],"line":221},"11":{"loc":{"start":{"line":226,"column":4},"end":{"line":231,"column":5}},"type":"if","locations":[{"start":{"line":226,"column":4},"end":{"line":231,"column":5}},{"start":{},"end":{}}],"line":226},"12":{"loc":{"start":{"line":234,"column":4},"end":{"line":236,"column":5}},"type":"if","locations":[{"start":{"line":234,"column":4},"end":{"line":236,"column":5}},{"start":{},"end":{}}],"line":234},"13":{"loc":{"start":{"line":262,"column":4},"end":{"line":263,"column":43}},"type":"if","locations":[{"start":{"line":262,"column":4},"end":{"line":263,"column":43}},{"start":{},"end":{}}],"line":262},"14":{"loc":{"start":{"line":274,"column":4},"end":{"line":278,"column":5}},"type":"if","locations":[{"start":{"line":274,"column":4},"end":{"line":278,"column":5}},{"start":{"line":276,"column":11},"e
[...]
line":313,"column":27}},"113":{"start":{"line":314,"column":2},"end":{"line":314,"column":38}},"114":{"start":{"line":315,"column":2},"end":{"line":317,"column":3}},"115":{"start":{"line":316,"column":4},"end":{"line":316,"column":36}},"116":{"start":{"line":318,"column":2},"end":{"line":321,"column":3}},"117":{"start":{"line":319,"column":4},"end":{"line":319,"column":28}},"118":{"start":{"line":320,"column":4},"end":{"line":320,"column":44}}},"fnMap":{"0":{"name":"(anonymous_0)","decl":{"start":{"line":37,"column":20},"end":{"line":37,"column":21}},"loc":{"start":{"line":37,"column":26},"end":{"line":44,"column":3}},"line":37},"1":{"name":"(anonymous_1)","decl":{"start":{"line":46,"column":21},"end":{"line":46,"column":22}},"loc":{"start":{"line":46,"column":33},"end":{"line":71,"column":3}},"line":46},"2":{"name":"(anonymous_2)","decl":{"start":{"line":47,"column":30},"end":{"line":47,"column":31}},"loc":{"start":{"line":47,"column":40},"end":{"line":60,"column":5}},"line":47},"3":{"name":"(anonymous_3)","decl":{"start":{"line":62,"column":29},"end":{"line":62,"column":30}},"loc":{"start":{"line":62,"column":39},"end":{"line":70,"column":5}},"line":62},"4":{"name":"(anonymous_4)","decl":{"start":{"line":73,"column":22},"end":{"line":73,"column":23}},"loc":{"start":{"line":73,"column":28},"end":{"line":103,"column":3}},"line":73},"5":{"name":"(anonymous_5)","decl":{"start":{"line":88,"column":19},"end":{"line":88,"column":20}},"loc":{"start":{"line":88,"column":29},"end":{"line":93,"column":7}},"line":88},"6":{"name":"(anonymous_6)","decl":{"start":{"line":105,"column":29},"end":{"line":105,"column":30}},"loc":{"start":{"line":105,"column":35},"end":{"line":125,"column":3}},"line":105},"7":{"name":"(anonymous_7)","decl":{"start":{"line":119,"column":20},"end":{"line":119,"column":21}},"loc":{"start":{"line":119,"column":30},"end":{"line":124,"column":5}},"line":119},"8":{"name":"(anonymous_8)","decl":{"start":{"line":127,"column":20},"end":{"line":127,"column":21}},"loc":{"start":{"line":127,"column":37},"end":{"line":139,"column":3}},"line":127},"9":{"name":"(anonymous_9)","decl":{"start":{"line":141,"column":8},"end":{"line":141,"column":9}},"loc":{"start":{"line":141,"column":18},"end":{"line":163,"column":3}},"line":141},"10":{"name":"_addListeners","decl":{"start":{"line":169,"column":9},"end":{"line":169,"column":22}},"loc":{"start":{"line":169,"column":25},"end":{"line":185,"column":1}},"line":169},"11":{"name":"(anonymous_11)","decl":{"start":{"line":173,"column":41},"end":{"line":173,"column":42}},"loc":{"start":{"line":173,"column":51},"end":{"line":175,"column":3}},"line":173},"12":{"name":"(anonymous_12)","decl":{"start":{"line":177,"column":41},"end":{"line":177,"column":42}},"loc":{"start":{"line":177,"column":51},"end":{"line":179,"column":3}},"line":177},"13":{"name":"_formatSearchResults","decl":{"start":{"line":191,"column":9},"end":{"line":191,"column":29}},"loc":{"start":{"line":191,"column":44},"end":{"line":208,"column":1}},"line":191},"14":{"name":"_handleInputChange","decl":{"start":{"line":215,"column":9},"end":{"line":215,"column":27}},"loc":{"start":{"line":215,"column":30},"end":{"line":236,"column":1}},"line":215},"15":{"name":"(anonymous_15)","decl":{"start":{"line":217,"column":27},"end":{"line":217,"column":28}},"loc":{"start":{"line":217,"column":39},"end":{"line":235,"column":3}},"line":217},"16":{"name":"(anonymous_16)","decl":{"start":{"line":227,"column":8},"end":{"line":227,"column":9}},"loc":{"start":{"line":227,"column":18},"end":{"line":229,"column":9}},"line":227},"17":{"name":"(anonymous_17)","decl":{"start":{"line":230,"column":8},"end":{"line":230,"column":9}},"loc":{"start":{"line":230,"column":19},"end":{"line":232,"column":9}},"line":230},"18":{"name":"_handleProgramSelectChange","decl":{"start":{"line":242,"column":9},"end":{"line":242,"column":35}},"loc":{"start":{"line":242,"column":43},"end":{"line":262,"column":1}},"line":242},"19":{"name":"_handleResultButtonClick","decl":{"start":{"line":268,"column":9},"end":{"line":268,"column":33}},"loc":{"start":{"line":268,"column":41},"end":{"line":295,"column":1}},"line":268},"20":{"name":"_handleProgramRadioClick","decl":{"start":{"line":301,"column":9},"end":{"line":301,"column":33}},"loc":{"start":{"line":301,"column":41},"end":{"line":322,"column":1}},"line":301}},"branchMap":{"0":{"loc":{"start":{"line":51,"column":6},"end":{"line":53,"column":7}},"type":"if","locations":[{"start":{"line":51,"column":6},"end":{"line":53,"column":7}},{"start":{},"end":{}}],"line":51},"1":{"loc":{"start":{"line":51,"column":10},"end":{"line":51,"column":69}},"type":"binary-expr","locations":[{"start":{"line":51,"column":10},"end":{"line":51,"column":36}},{"start":{"line":51,"column":40},"end":{"line":51,"column":53}},{"start":{"line":51,"column":57},"end":{"line":51,"column":69}}],"line":51},"2":{"loc":{"start":{"line":55,"column":6},"end":{"line":57,"column":7}},"type":"if","locations":[{"start":{"line":55,"column":6},"end":{"line":57,"column":7}},{"start":{},"end":{}}],"line":55},"3":{"loc":{"start":{"line":66,"column":6},"end":{"line":68,"column":7}},"type":"if","locations":[{"start":{"line":66,"column":6},"end":{"line":68,"column":7}},{"start":{},"end":{}}],"line":66},"4":{"loc":{"start":{"line":66,"column":10},"end":{"line":66,"column":69}},"type":"binary-expr","locations":[{"start":{"line":66,"column":10},"end":{"line":66,"column":36}},{"start":{"line":66,"column":40},"end":{"line":66,"column":53}},{"start":{"line":66,"column":57},"end":{"line":66,"column":69}}],"line":66},"5":{"loc":{"start":{"line":75,"column":4},"end":{"line":77,"column":5}},"type":"if","locations":[{"start":{"line":75,"column":4},"end":{"line":77,"column":5}},{"start":{},"end":{}}],"line":75},"6":{"loc":{"start":{"line":80,"column":4},"end":{"line":84,"column":5}},"type":"if","locations":[{"start":{"line":80,"column":4},"end":{"line":84,"column":5}},{"start":{"line":82,"column":11},"end":{"line":84,"column":5}}],"line":80},"7":{"loc":{"start":{"line":86,"column":4},"end":{"line":102,"column":5}},"type":"if","locations":[{"start":{"line":86,"column":4},"end":{"line":102,"column":5}},{"start":{},"end":{}}],"line":86},"8":{"loc":{"start":{"line":99,"column":6},"end":{"line":101,"column":7}},"type":"if","locations":[{"start":{"line":99,"column":6},"end":{"line":101,"column":7}},{"start":{},"end":{}}],"line":99},"9":{"loc":{"start":{"line":121,"column":6},"end":{"line":123,"column":7}},"type":"if","locations":[{"start":{"line":121,"column":6},"end":{"line":123,"column":7}},{"start":{},"end":{}}],"line":121},"10":{"loc":{"start":{"line":128,"column":4},"end":{"line":138,"column":5}},"type":"if","locations":[{"start":{"line":128,"column":4},"end":{"line":138,"column":5}},{"start":{},"end":{}}],"line":128},"11":{"loc":{"start":{"line":128,"column":8},"end":{"line":128,"column":40}},"type":"binary-expr","locations":[{"start":{"line":128,"column":8},"end":{"line":128,"column":21}},{"start":{"line":128,"column":25},"end":{"line":128,"column":40}}],"line":128},"12":{"loc":{"start":{"line":132,"column":6},"end":{"line":137,"column":7}},"type":"if","locations":[{"start":{"line":132,"column":6},"end":{"line":137,"column":7}},{"start":{},"end":{}}],"line":132},"13":{"loc":{"start":{"line":223,"column":4},"end":{"line":234,"column":5}},"type":"if","locations":[{"start":{"line":223,"column":4},"end":{"line":234,"column":5}},{"start":{"line":225,"column":11},"end":{"line":234,"column":5}}],"line":223},"14":{"loc":{"start":{"line":247,"column":2},"end":{"line":250,"column":3}},"type":"if","locations":[{"start":{"line":247,"column":2},"end":{"line":250,"column":3}},{"start":{},"end":{}}],"line":247},"15":{"loc":{"start":{"line":253,"column":2},"end":{"line":260,"column":3}},"type":"if","locations":[{"start":{"line":253,"column":2},"end":{"line":260,"column":3}},{"start":{"line":255,"column":9},"end":{"line":260,"column":3}}],"line":253},"16":{"loc":{"start":{"line":272,"column":2},"end":{"line":276,"column":3}},"type":"if","locations":[{"start":{"line":272,"column":2},"end":{"line":276,"column":3}},{"start":{"line":274,"column":9},"end":{"line":276,"column":3}}],"line":272},"17":{"loc":{"start":{"line":282,"column":2},"end":{"line":285,"column":3}},"type":"if","locations":[{"start":{"line":282,"column":2},"end":{"line":285,"column":3}},{"start":{},"end":{}}],"line":282},"18":{"loc":{"start":{"line":288,"column":2},"end":{"line":294,"column":3}},"type":"if","locations":[{"start":{"line":288,"column":2},"end":{"line":294,"column":3}},{"start":{},"end":{}}],"line":288},"19":{"loc":{"start":{"line":290,"column":4},"end":{"line":293,"column":5}},"type":"if","locations":[{"start":{"line":290,"column":4},"end":{"line":293,"column":5}},{"start":{},"end":{}}],"line":290},"20":{"loc":{"start":{"line":290,"column":8},"end":{"line":290,"column":52}},"type":"binary-expr","locations":[{"start":{"line":290,"column":8},"end":{"line":290,"column":21}},{"start":{"line":290,"column":25},"end":{"line":290,"column":52}}],"line":290},"21":{"loc":{"start":{"line":315,"column":2},"end":{"line":317,"column":3}},"type":"if","locations":[{"start":{"line":315,"column":2},"end":{"line":317,"column":3}},{"start":{},"end":{}}],"line":315},"22":{"loc":{"start":{"line":318,"column":2},"end":{"line":321,"column":3}},"type":"if","locations":[{"start":{"line":318,"column":2},"end":{"line":321,"column":3}},{"start":{},"end":{}}],"line":318}},"s":{"0":0,"1":0,"2":0,"3":0,"4":0,"5":0,"6":0,"7":0,"8":0,"9":0,"10":0,"11":0,"12":0,"13":0,"14":0,"15":0,"16":0,"17":0,"18":0,"19":0,"20":0,"21":0,"22":0,"23":0,"24":0,"25":0,"26":0,"27":0,"28":0,"29":0,"30":0,"31":0,"32":0,"33":0,"34":0,"35":0,"36":0,"37":0,"38":0,"39":0,"40":0,"41":0,"42":0,"43":0,"44":0,"45":0,"46":0,"47":0,"48":0,"49":0,"50":0,"51":0,"52":0,"53":0,"54":0,"55":0,"56":0,"57":0,"58":0,"59":0,"60":0,"61":0,"62":0,"63":0,"64":0,"65":0,"66":0,"67":0,"68":0,"69":0,"70":0,"71":0,"72":0,"73":0,"74":0,"75":0,"76":0,"77":0,"78":0,"79":0,"80":0,"81":0,"82":0,"83":0,"84":0,"85":0,"86":0,"87":0,"88":0,"89":0,"90":0,"91":0,"92":0,"93":0,"94":0,"95":0,"96":0,"97":0,"98":0,"99":0,"100":0,"101":0,"102":0,"103":0,"104":0,"105":0,"106":0,"107":0,"108":0,"109":0,"110":0,"111":0,"112":0,"113":0,"114":0,"115":0,"116":0,"117":0,"118":0},"f":{"0":0,"1":0,"2":0,"3":0,"4":0,"5":0,"6":0,"7":0,"8":0,"9":0,"10":0,"11":0,"12":0,"13":0,"14":0,"15":0,"16":0,"17":0,"18":0,"19":0,"20":0},"b":{"0":[0,0],"1":[0,0,0],"2":[0,0],"3":[0,0],"4":[0,0,0],"5":[0,0],"6":[0,0],"7":[0,0],"8":[0,0],"9":[0,0],"10":[0,0],"11":[0,0],"12":[0,0],"13":[0,0],"14":[0,0],"15":[0,0],"16":[0,0],"17":[0,0],"18":[0,0],"19":[0,0],"20":[0,0],"21":[0,0],"22":[0,0]},"inputSourceMap":null}
,"/Users/scott/Projects/grad-path/src/js/modules/util/format.js": {"path":"/Users/scott/Projects/grad-path/src/js/modules/util/format.js","statementMap":{"0":{"start":{"line":9,"column":2},"end":{"line":13,"column":3}},"1":{"start":{"line":10,"column":4},"end":{"line":10,"column":24}},"2":{"start":{"line":11,"column":9},"end":{"line":13,"column":3}},"3":{"start":{"line":12,"column":4},"end":{"line":12,"column":13}},"4":{"start":{"line":15,"column":18},"end":{"line":15,"column":19}},"5":{"start":{"line":16,"column":24},"end":{"line":16,"column":69}},"6":{"start":{"line":17,"column":24},"end":{"line":17,"column":70}},"7":{"start":{"line":20,"column":2},"end":{"line":22,"column":3}},"8":{"start":{"line":21,"column":4},"end":{"line":21,"column":19}},"9":{"start":{"line":25,"column":2},"end":{"line":25,"column":55}},"10":{"start":{"line":27,"column":2},"end":{"line":27,"column":64}},"11":{"start":{"line":30,"column":2},"end":{"line":30,"column":42}},"12":{"start":{"line":41,"column":2},"end":{"line":43,"column":3}},"13":{"start":{"line":42,"column":4},"end":{"line":42,"column":15}},"14":{"start":{"line":44,"column":2},"end":{"line":44,"column":12}},"15":{"start":{"line":52,"column":17},"end":{"line":52,"column":40}},"16":{"start":{"line":54,"column":16},"end":{"line":54,"column":33}},"17":{"start":{"line":56,"column":23},"end":{"line":56,"column":73}},"18":{"start":{"line":58,"column":2},"end":{"line":60,"column":3}},"19":{"start":{"line":59,"column":4},"end":{"line":59,"column":37}},"20":{"start":{"line":62,"column":2},"end":{"line":62,"column":24}},"21":{"start":{"line":73,"column":14},"end":{"line":73,"column":25}},"22":{"start":{"line":74,"column":18},"end":{"line":74,"column":19}},"23":{"start":{"line":75,"column":13},"end":{"line":75,"column":15}},"24":{"start":{"line":76,"column":21},"end":{"line":76,"column":24}},"25":{"start":{"line":77,"column":20},"end":{"line":77,"column":22}},"26":{"start":{"line":78,"column":24},"end":{"line":78,"column":26}},"27":{"start":{"line":81,"column":2},"end":{"line":83,"column":3}},"28":{"start":{"line":82,"column":4},"end":{"line":82,"column":46}},"29":{"start":{"line":86,"column":2},"end":{"line":88,"column":3}},"30":{"start":{"line":87,"column":4},"end":{"line":87,"column":15}},"31":{"start":{"line":90,"column":2},"end":{"line":90,"column":20}},"32":{"start":{"line":93,"column":2},"end":{"line":93,"column":43}},"33":{"start":{"line":94,"column":2},"end":{"line":96,"column":3}},"34":{"start":{"line":95,"column":4},"end":{"line":95,"column":18}},"35":{"start":{"line":99,"column":2},"end":{"line":99,"column":58}},"36":{"start":{"line":102,"column":2},"end":{"line":102,"column":43}},"37":{"start":{"line":105,"column":2},"end":{"line":105,"column":45}},"38":{"start":{"line":107,"column":2},"end":{"line":107,"column":25}}},"fnMap":{"0":{"name":"convertStringToNumber","decl":{"start":{"line":8,"column":9},"end":{"line":8,"column":30}},"loc":{"start":{"line":8,"column":45},"end":{"line":31,"column":1}},"line":8},"1":{"name":"stripExtraPeriods","decl":{"start":{"line":40,"column":9},"end":{"line":40,"column":26}},"loc":{"start":{"line":40,"column":48},"end":{"line":45,"column":1}},"line":40},"2":{"name":"commaSeparate","decl":{"start":{"line":51,"column":9},"end":{"line":51,"column":22}},"loc":{"start":{"line":51,"column":37},"end":{"line":63,"column":1}},"line":51},"3":{"name":"formatUSD","decl":{"start":{"line":72,"column":9},"end":{"line":72,"column":18}},"loc":{"start":{"line":72,"column":25},"end":{"line":108,"column":1}},"line":72}},"branchMap":{"0":{"loc":{"start":{"line":9,"column":2},"end":{"line":13,"column":3}},"type":"if","locations":[{"start":{"line":9,"column":2},"end":{"line":13,"column":3}},{"start":{"line":11,"column":9},"end":{"line":13,"column":3}}],"line":9},"1":{"loc":{"start":{"line":11,"column":9},"end":{"line":13,"column":3}},"type":"if","locations":[{"start":{"line":11,"column":9},"end":{"line":13,"column":3}},{"start":{},"end":{}}],"line":11},"2":{"loc":{"start":{"line":20,"column":2},"end":{"line":22,"column":3}},"type":"if","locations":[{"start":{"line":20,"column":2},"end":{"line":22,"column":3}},{"start":{},"end":{}}],"line":20},"3":{"loc":{"start":{"line":20,"column":6},"end":{"line":20,"column":59}},"type":"binary-expr","locations":[{"start":{"line":20,"column":6},"end":{"line":20,"column":26}},{"start":{"line":20,"column":30},"end":{"line":20,"column":59}}],"line":20},"4":{"loc":{"start":{"line":41,"column":2},"end":{"line":43,"column":3}},"type":"if","locations":[{"start":{"line":41,"column":2},"end":{"line":43,"column":3}},{"start":{},"end":{}}],"line":41},"5":{"loc":{"start":{"line":58,"column":2},"end":{"line":60,"column":3}},"type":"if","locations":[{"start":{"line":58,"column":2},"end":{"line":60,"column":3}},{"start":{},"end":{}}],"line":58},"6":{"loc":{"start":{"line":81,"column":2},"end":{"line":83,"column":3}},"type":"if","locations":[{"start":{"line":81,"column":2},"end":{"line":83,"column":3}},{"start":{},"end":{}}],"line":81},"7":{"loc":{"start":{"line":86,"column":2},"end":{"line":88,"column":3}},"type":"if","locations":[{"start":{"line":86,"column":2},"end":{"line":88,"column":3}},{"start":{},"end":{}}],"line":86},"8":{"loc":{"start":{"line":90,"column":9},"end":{"line":90,"column":19}},"type":"binary-expr","locations":[{"start":{"line":90,"column":9},"end":{"line":90,"column":13}},{"start":{"line":90,"column":17},"end":{"line":90,"column":19}}],"line":90},"9":{"loc":{"start":{"line":94,"column":2},"end":{"line":96,"column":3}},"type":"if","locations":[{"start":{"line":94,"column":2},"end":{"line":96,"column":3}},{"start":{},"end":{}}],"line":94}},"s":{"0":26,"1":1,"2":25,"3":4,"4":21,"5":21,"6":21,"7":21,"8":1,"9":21,"10":21,"11":21,"12":17,"13":8,"14":9,"15":36,"16":36,"17":36,"18":36,"19":21,"20":36,"21":30,"22":30,"23":30,"24":30,"25":30,"26":30,"27":30,"28":3,"29":30,"30":4,"31":30,"32":30,"33":30,"34":6,"35":30,"36":30,"37":30,"38":30},"f":{"0":26,"1":17,"2":36,"3":30},"b":{"0":[1,25],"1":[4,21],"2":[1,20],"3":[21,1],"4":[8,9],"5":[21,15],"6":[3,27],"7":[4,26],"8":[30,0],"9":[6,24]},"inputSourceMap":null,"_coverageSchema":"1a1c01bbd47fc00a2c39e90264f33305004495a9","hash":"e0a0d61329d3d3879f496b019441a75cc5641a56"}
,"/Users/scott/Projects/grad-path/src/js/organisms/SecondaryNav.js": {"path":"/Users/scott/Projects/grad-path/src/js/organisms/SecondaryNav.js","statementMap":{"0":{"start":{"line":15,"column":19},"end":{"line":15,"column":36}},"1":{"start":{"line":27,"column":15},"end":{"line":27,"column":44}},"2":{"start":{"line":40,"column":4},"end":{"line":42,"column":5}},"3":{"start":{"line":41,"column":6},"end":{"line":41,"column":18}},"4":{"start":{"line":44,"column":4},"end":{"line":44,"column":61}},"5":{"start":{"line":45,"column":4},"end":{"line":45,"column":63}},"6":{"start":{"line":48,"column":4},"end":{"line":48,"column":46}},"7":{"start":{"line":49,"column":4},"end":{"line":49,"column":60}},"8":{"start":{"line":50,"column":4},"end":{"line":50,"column":61}},"9":{"start":{"line":52,"column":25},"end":{"line":52,"column":60}},"10":{"start":{"line":53,"column":4},"end":{"line":53,"column":74}},"11":{"start":{"line":56,"column":4},"end":{"line":56,"column":35}},"12":{"start":{"line":58,"column":4},"end":{"line":62,"column":6}},"13":{"start":{"line":64,"column":4},"end":{"line":64,"column":19}},"14":{"start":{"line":66,"column":4},"end":{"line":66,"column":16}},"15":{"start":{"line":70,"column":2},"end":{"line":70,"column":19}},"16":{"start":{"line":71,"column":2},"end":{"line":71,"column":43}},"17":{"start":{"line":71,"column":24},"end":{"line":71,"column":42}},"18":{"start":{"line":73,"column":24},"end":{"line":73,"column":43}},"19":{"start":{"line":74,"column":2},"end":{"line":74,"column":57}},"20":{"start":{"line":75,"column":2},"end":{"line":75,"column":63}},"21":{"start":{"line":76,"column":2},"end":{"line":76,"column":51}},"22":{"start":{"line":78,"column":2},"end":{"line":78,"column":14}},"23":{"start":{"line":81,"column":0},"end":{"line":81,"column":37}},"24":{"start":{"line":82,"column":0},"end":{"line":83,"column":69}},"25":{"start":{"line":83,"column":2},"end":{"line":83,"column":68}}},"fnMap":{"0":{"name":"SecondaryNav","decl":{"start":{"line":25,"column":9},"end":{"line":25,"column":21}},"loc":{"start":{"line":25,"column":31},"end":{"line":79,"column":1}},"line":25},"1":{"name":"init","decl":{"start":{"line":39,"column":11},"end":{"line":39,"column":15}},"loc":{"start":{"line":39,"column":18},"end":{"line":67,"column":3}},"line":39},"2":{"name":"(anonymous_2)","decl":{"start":{"line":71,"column":18},"end":{"line":71,"column":19}},"loc":{"start":{"line":71,"column":24},"end":{"line":71,"column":42}},"line":71},"3":{"name":"(anonymous_3)","decl":{"start":{"line":82,"column":20},"end":{"line":82,"column":21}},"loc":{"start":{"line":83,"column":2},"end":{"line":83,"column":68}},"line":83}},"branchMap":{"0":{"loc":{"start":{"line":40,"column":4},"end":{"line":42,"column":5}},"type":"if","locations":[{"start":{"line":40,"column":4},"end":{"line":42,"column":5}},{"start":{},"end":{}}],"line":40}},"s":{"0":0,"1":0,"2":0,"3":0,"4":0,"5":0,"6":0,"7":0,"8":0,"9":0,"10":0,"11":0,"12":0,"13":0,"14":0,"15":0,"16":0,"17":0,"18":0,"19":0,"20":0,"21":0,"22":0,"23":0,"24":0,"25":0},"f":{"0":0,"1":0,"2":0,"3":0},"b":{"0":[0,0]},"inputSourceMap":null}
}
