TN:
SF:src/js/college-costs.js
FN:17,init
FNF:1
FNH:0
FNDA:0,init
DA:18,0
DA:19,0
DA:21,0
DA:22,0
DA:23,0
DA:24,0
DA:25,0
DA:26,0
DA:27,0
DA:28,0
DA:29,0
DA:30,0
DA:32,0
DA:33,0
DA:35,0
DA:36,0
DA:38,0
DA:39,0
DA:43,0
LF:19
LH:0
BRDA:35,0,0,0
BRDA:35,0,1,0
BRF:2
BRH:0
end_of_record
TN:
SF:src/js/college-costs/dispatchers/get-api-values.js
FN:8,getApi
FN:9,(anonymous_1)
FN:11,(anonymous_2)
FN:14,(anonymous_3)
FN:25,schoolSearch
FN:42,getConstants
FN:54,getExpenses
FN:67,getSchoolData
FNF:8
FNH:0
FNDA:0,getApi
FNDA:0,(anonymous_1)
FNDA:0,(anonymous_2)
FNDA:0,(anonymous_3)
FNDA:0,schoolSearch
FNDA:0,getConstants
FNDA:0,getExpenses
FNDA:0,getSchoolData
DA:9,0
DA:10,0
DA:12,0
DA:15,0
DA:26,0
DA:27,0
DA:29,0
DA:33,0
DA:35,0
DA:44,0
DA:47,0
DA:56,0
DA:59,0
DA:69,0
DA:74,0
LF:15
LH:0
BRDA:27,0,0,0
BRDA:27,0,1,0
BRF:2
BRH:0
end_of_record
TN:
SF:src/js/college-costs/dispatchers/get-model-values.js
FN:15,getAllStateValues
FN:24,getConstantsValue
FN:37,getExpensesValue
FN:46,getFinancialValue
FN:59,getProgramList
FN:68,getProgramInfo
FN:78,getSchoolCohortValue
FN:94,getSchoolValue
FN:107,getStateValue
FNF:9
FNH:0
FNDA:0,getAllStateValues
FNDA:0,getConstantsValue
FNDA:0,getExpensesValue
FNDA:0,getFinancialValue
FNDA:0,getProgramList
FNDA:0,getProgramInfo
FNDA:0,getSchoolCohortValue
FNDA:0,getSchoolValue
FNDA:0,getStateValue
DA:16,0
DA:25,0
DA:26,0
DA:28,0
DA:38,0
DA:47,0
DA:48,0
DA:50,0
DA:60,0
DA:69,0
DA:79,0
DA:80,0
DA:84,0
DA:86,0
DA:95,0
DA:96,0
DA:98,0
DA:108,0
DA:109,0
DA:111,0
LF:20
LH:0
BRDA:25,0,0,0
BRDA:25,0,1,0
BRDA:47,1,0,0
BRDA:47,1,1,0
BRDA:80,2,0,0
BRDA:80,2,1,0
BRDA:81,3,0,0
BRDA:81,3,1,0
BRDA:95,4,0,0
BRDA:95,4,1,0
BRDA:108,5,0,0
BRDA:108,5,1,0
BRF:12
BRH:0
end_of_record
TN:
SF:src/js/college-costs/dispatchers/update-models.js
FN:26,initializeExpenseValues
FN:28,(anonymous_1)
FN:37,initializeFinancialValues
FN:39,(anonymous_3)
FN:50,updateFinancial
FN:59,createFinancial
FN:66,recalculateFinancials
FN:75,updateExpense
FN:82,recalculateExpenses
FN:90,updateRegion
FN:97,refreshExpenses
FN:104,clearFinancialCosts
FN:113,getTopThreePrograms
FN:125,setSchoolValues
FN:145,updateSchoolData
FN:147,(anonymous_15)
FN:149,(anonymous_16)
FN:196,(anonymous_17)
FN:210,updateFinancialsFromSchool
FN:219,parseQueryParameters
FN:255,updateModelsFromQueryString
FN:265,(anonymous_21)
FN:278,(anonymous_22)
FN:288,updateExpensesFromQueryObj
FN:301,(anonymous_24)
FNF:25
FNH:0
FNDA:0,initializeExpenseValues
FNDA:0,(anonymous_1)
FNDA:0,initializeFinancialValues
FNDA:0,(anonymous_3)
FNDA:0,updateFinancial
FNDA:0,createFinancial
FNDA:0,recalculateFinancials
FNDA:0,updateExpense
FNDA:0,recalculateExpenses
FNDA:0,updateRegion
FNDA:0,refreshExpenses
FNDA:0,clearFinancialCosts
FNDA:0,getTopThreePrograms
FNDA:0,setSchoolValues
FNDA:0,updateSchoolData
FNDA:0,(anonymous_15)
FNDA:0,(anonymous_16)
FNDA:0,(anonymous_17)
FNDA:0,updateFinancialsFromSchool
FNDA:0,parseQueryParameters
FNDA:0,updateModelsFromQueryString
FNDA:0,(anonymous_21)
FNDA:0,(anonymous_22)
FNDA:0,updateExpensesFromQueryObj
FNDA:0,(anonymous_24)
DA:27,0
DA:28,0
DA:29,0
DA:38,0
DA:39,0
DA:40,0
DA:51,0
DA:60,0
DA:67,0
DA:76,0
DA:83,0
DA:91,0
DA:98,0
DA:105,0
DA:114,0
DA:115,0
DA:116,0
DA:117,0
DA:119,0
DA:126,0
DA:127,0
DA:128,0
DA:131,0
DA:135,0
DA:146,0
DA:147,0
DA:148,0
DA:150,0
DA:151,0
DA:152,0
DA:155,0
DA:156,0
DA:159,0
DA:160,0
DA:164,0
DA:169,0
DA:172,0
DA:173,0
DA:177,0
DA:179,0
DA:186,0
DA:187,0
DA:189,0
DA:192,0
DA:194,0
DA:197,0
DA:198,0
DA:199,0
DA:211,0
DA:212,0
DA:220,0
DA:227,0
DA:228,0
DA:229,0
DA:230,0
DA:233,0
DA:234,0
DA:244,0
DA:257,0
DA:258,0
DA:262,0
DA:263,0
DA:264,0
DA:265,0
DA:266,0
DA:267,0
DA:271,0
DA:272,0
DA:276,0
DA:277,0
DA:278,0
DA:279,0
DA:289,0
DA:301,0
DA:302,0
DA:303,0
DA:304,0
DA:307,0
LF:78
LH:0
BRDA:115,0,0,0
BRDA:115,0,1,0
BRDA:131,1,0,0
BRDA:131,1,1,0
BRDA:132,2,0,0
BRDA:132,2,1,0
BRDA:159,3,0,0
BRDA:159,3,1,0
BRDA:172,4,0,0
BRDA:172,4,1,0
BRDA:186,5,0,0
BRDA:186,5,1,0
BRDA:228,6,0,0
BRDA:228,6,1,0
BRDA:233,7,0,0
BRDA:233,7,1,0
BRDA:257,8,0,0
BRDA:257,8,1,0
BRDA:262,9,0,0
BRDA:262,9,1,0
BRDA:266,10,0,0
BRDA:266,10,1,0
BRDA:271,11,0,0
BRDA:271,11,1,0
BRDA:277,12,0,0
BRDA:277,12,1,0
BRDA:302,13,0,0
BRDA:302,13,1,0
BRF:28
BRH:0
end_of_record
TN:
SF:src/js/college-costs/dispatchers/update-state.js
FN:17,(anonymous_0)
FN:32,(anonymous_1)
FN:41,(anonymous_2)
FN:55,(anonymous_3)
FN:62,(anonymous_4)
FN:70,(anonymous_5)
FNF:6
FNH:0
FNDA:0,(anonymous_0)
FNDA:0,(anonymous_1)
FNDA:0,(anonymous_2)
FNDA:0,(anonymous_3)
FNDA:0,(anonymous_4)
FNDA:0,(anonymous_5)
DA:11,0
DA:18,0
DA:19,0
DA:20,0
DA:21,0
DA:22,0
DA:23,0
DA:24,0
DA:33,0
DA:34,0
DA:42,0
DA:43,0
DA:44,0
DA:45,0
DA:46,0
DA:56,0
DA:63,0
DA:71,0
LF:18
LH:0
BRDA:19,0,0,0
BRDA:19,0,1,0
BRDA:21,1,0,0
BRDA:21,1,1,0
BRDA:23,2,0,0
BRDA:23,2,1,0
BRDA:33,3,0,0
BRDA:33,3,1,0
BRDA:44,4,0,0
BRDA:44,4,1,0
BRF:10
BRH:0
end_of_record
TN:
SF:src/js/college-costs/dispatchers/update-view.js
FN:15,(anonymous_0)
FN:22,(anonymous_1)
FN:29,(anonymous_2)
FN:36,(anonymous_3)
FN:43,(anonymous_4)
FN:50,(anonymous_5)
FN:57,(anonymous_6)
FN:68,(anonymous_7)
FN:72,(anonymous_8)
FN:76,(anonymous_9)
FN:80,(anonymous_10)
FN:84,(anonymous_11)
FN:88,(anonymous_12)
FN:92,(anonymous_13)
FN:96,(anonymous_14)
FNF:15
FNH:0
FNDA:0,(anonymous_0)
FNDA:0,(anonymous_1)
FNDA:0,(anonymous_2)
FNDA:0,(anonymous_3)
FNDA:0,(anonymous_4)
FNDA:0,(anonymous_5)
FNDA:0,(anonymous_6)
FNDA:0,(anonymous_7)
FNDA:0,(anonymous_8)
FNDA:0,(anonymous_9)
FNDA:0,(anonymous_10)
FNDA:0,(anonymous_11)
FNDA:0,(anonymous_12)
FNDA:0,(anonymous_13)
FNDA:0,(anonymous_14)
DA:15,0
DA:16,0
DA:22,0
DA:23,0
DA:29,0
DA:30,0
DA:36,0
DA:37,0
DA:43,0
DA:44,0
DA:50,0
DA:51,0
DA:57,0
DA:58,0
DA:68,0
DA:69,0
DA:72,0
DA:73,0
DA:76,0
DA:77,0
DA:80,0
DA:81,0
DA:84,0
DA:85,0
DA:88,0
DA:89,0
DA:92,0
DA:93,0
DA:96,0
DA:97,0
DA:98,0
DA:99,0
DA:100,0
DA:101,0
LF:34
LH:0
BRF:0
BRH:0
end_of_record
TN:
SF:src/js/college-costs/models/constants-model.js
FN:40,(anonymous_0)
FN:41,(anonymous_1)
FN:43,(anonymous_2)
FN:84,(anonymous_3)
FNF:4
FNH:0
FNDA:0,(anonymous_0)
FNDA:0,(anonymous_1)
FNDA:0,(anonymous_2)
FNDA:0,(anonymous_3)
DA:8,0
DA:41,0
DA:42,0
DA:44,0
DA:46,0
DA:47,0
DA:48,0
DA:49,0
DA:50,0
DA:52,0
DA:56,0
DA:57,0
DA:58,0
DA:59,0
DA:64,0
DA:69,0
DA:74,0
DA:80,0
DA:82,0
DA:85,0
DA:86,0
LF:21
LH:0
BRDA:47,0,0,0
BRDA:47,0,1,0
BRDA:49,1,0,0
BRDA:49,1,1,0
BRDA:57,2,0,0
BRDA:57,2,1,0
BRF:6
BRH:0
end_of_record
TN:
SF:src/js/college-costs/models/expenses-model.js
FN:36,(anonymous_0)
FN:65,(anonymous_1)
FN:79,(anonymous_2)
FN:109,(anonymous_3)
FN:146,(anonymous_4)
FN:147,(anonymous_5)
FN:149,(anonymous_6)
FN:154,(anonymous_7)
FNF:8
FNH:0
FNDA:0,(anonymous_0)
FNDA:0,(anonymous_1)
FNDA:0,(anonymous_2)
FNDA:0,(anonymous_3)
FNDA:0,(anonymous_4)
FNDA:0,(anonymous_5)
FNDA:0,(anonymous_6)
FNDA:0,(anonymous_7)
DA:14,0
DA:37,0
DA:39,0
DA:40,0
DA:41,0
DA:45,0
DA:46,0
DA:50,0
DA:51,0
DA:52,0
DA:53,0
DA:56,0
DA:66,0
DA:67,0
DA:68,0
DA:69,0
DA:80,0
DA:93,0
DA:94,0
DA:95,0
DA:96,0
DA:97,0
DA:102,0
DA:110,0
DA:122,0
DA:123,0
DA:125,0
DA:126,0
DA:127,0
DA:128,0
DA:129,0
DA:132,0
DA:133,0
DA:138,0
DA:139,0
DA:147,0
DA:148,0
DA:150,0
DA:151,0
DA:152,0
DA:155,0
DA:156,0
LF:42
LH:0
BRDA:40,0,0,0
BRDA:40,0,1,0
BRDA:50,1,0,0
BRDA:50,1,1,0
BRDA:52,2,0,0
BRDA:52,2,1,0
BRDA:68,3,0,0
BRDA:68,3,1,0
BRDA:94,4,0,0
BRDA:94,4,1,0
BRDA:96,5,0,0
BRDA:96,5,1,0
BRDA:96,6,0,0
BRDA:96,6,1,0
BRDA:122,7,0,0
BRDA:122,7,1,0
BRDA:126,8,0,0
BRDA:126,8,1,0
BRDA:128,9,0,0
BRDA:128,9,1,0
BRF:20
BRH:0
end_of_record
TN:
SF:src/js/college-costs/models/financial-model.js
FN:33,(anonymous_0)
FN:43,(anonymous_1)
FN:56,(anonymous_2)
FN:90,(anonymous_3)
FN:105,(anonymous_4)
FN:181,(anonymous_5)
FN:273,(anonymous_6)
FN:289,(anonymous_7)
FN:304,(anonymous_8)
FN:327,(anonymous_9)
FN:400,(anonymous_10)
FN:412,(anonymous_11)
FNF:12
FNH:0
FNDA:0,(anonymous_0)
FNDA:0,(anonymous_1)
FNDA:0,(anonymous_2)
FNDA:0,(anonymous_3)
FNDA:0,(anonymous_4)
FNDA:0,(anonymous_5)
FNDA:0,(anonymous_6)
FNDA:0,(anonymous_7)
FNDA:0,(anonymous_8)
FNDA:0,(anonymous_9)
FNDA:0,(anonymous_10)
FNDA:0,(anonymous_11)
DA:28,0
DA:34,0
DA:35,0
DA:44,0
DA:45,0
DA:46,0
DA:49,0
DA:57,0
DA:58,0
DA:59,0
DA:60,0
DA:63,0
DA:67,0
DA:69,0
DA:70,0
DA:71,0
DA:73,0
DA:76,0
DA:81,0
DA:91,0
DA:92,0
DA:93,0
DA:95,0
DA:96,0
DA:97,0
DA:106,0
DA:107,0
DA:123,0
DA:124,0
DA:128,0
DA:129,0
DA:133,0
DA:134,0
DA:135,0
DA:137,0
DA:138,0
DA:139,0
DA:142,0
DA:147,0
DA:152,0
DA:153,0
DA:154,0
DA:156,0
DA:160,0
DA:164,0
DA:165,0
DA:166,0
DA:170,0
DA:171,0
DA:182,0
DA:183,0
DA:184,0
DA:193,0
DA:196,0
DA:201,0
DA:202,0
DA:204,0
DA:205,0
DA:210,0
DA:212,0
DA:213,0
DA:214,0
DA:217,0
DA:218,0
DA:219,0
DA:221,0
DA:222,0
DA:224,0
DA:229,0
DA:234,0
DA:235,0
DA:236,0
DA:237,0
DA:242,0
DA:248,0
DA:249,0
DA:250,0
DA:255,0
DA:256,0
DA:257,0
DA:258,0
DA:261,0
DA:264,0
DA:274,0
DA:275,0
DA:276,0
DA:277,0
DA:278,0
DA:280,0
DA:281,0
DA:283,0
DA:290,0
DA:291,0
DA:295,0
DA:305,0
DA:310,0
DA:315,0
DA:328,0
DA:329,0
DA:330,0
DA:332,0
DA:337,0
DA:342,0
DA:347,0
DA:348,0
DA:349,0
DA:352,0
DA:353,0
DA:355,0
DA:359,0
DA:360,0
DA:362,0
DA:366,0
DA:371,0
DA:374,0
DA:375,0
DA:376,0
DA:378,0
DA:384,0
DA:385,0
DA:390,0
DA:394,0
DA:401,0
DA:402,0
DA:403,0
DA:406,0
DA:413,0
DA:415,0
DA:419,0
LF:129
LH:0
BRDA:34,0,0,0
BRDA:34,0,1,0
BRDA:45,1,0,0
BRDA:45,1,1,0
BRDA:91,2,0,0
BRDA:91,2,1,0
BRDA:95,3,0,0
BRDA:95,3,1,0
BRDA:128,4,0,0
BRDA:128,4,1,0
BRDA:135,5,0,0
BRDA:135,5,1,0
BRDA:138,6,0,0
BRDA:138,6,1,0
BRDA:170,7,0,0
BRDA:170,7,1,0
BRDA:201,8,0,0
BRDA:201,8,1,0
BRDA:204,9,0,0
BRDA:204,9,1,0
BRDA:210,10,0,0
BRDA:210,10,1,0
BRDA:221,11,0,0
BRDA:221,11,1,0
BRDA:234,12,0,0
BRDA:234,12,1,0
BRDA:236,13,0,0
BRDA:236,13,1,0
BRDA:255,14,0,0
BRDA:255,14,1,0
BRDA:257,15,0,0
BRDA:257,15,1,0
BRDA:277,16,0,0
BRDA:277,16,1,0
BRDA:290,17,0,0
BRDA:290,17,1,0
BRDA:352,18,0,0
BRDA:352,18,1,0
BRDA:359,19,0,0
BRDA:359,19,1,0
BRDA:375,20,0,0
BRDA:375,20,1,0
BRDA:402,21,0,0
BRDA:402,21,1,0
BRDA:402,22,0,0
BRDA:402,22,1,0
BRF:46
BRH:0
end_of_record
TN:
SF:src/js/college-costs/models/school-model.js
FN:17,(anonymous_0)
FN:41,(anonymous_1)
FN:51,(anonymous_2)
FN:69,(anonymous_3)
FN:76,(anonymous_4)
FN:96,(anonymous_5)
FNF:6
FNH:0
FNDA:0,(anonymous_0)
FNDA:0,(anonymous_1)
FNDA:0,(anonymous_2)
FNDA:0,(anonymous_3)
FNDA:0,(anonymous_4)
FNDA:0,(anonymous_5)
DA:7,0
DA:18,0
DA:20,0
DA:21,0
DA:22,0
DA:25,0
DA:26,0
DA:29,0
DA:30,0
DA:33,0
DA:34,0
DA:42,0
DA:43,0
DA:47,0
DA:48,0
DA:49,0
DA:50,0
DA:51,0
DA:52,0
DA:70,0
DA:71,0
DA:72,0
DA:73,0
DA:74,0
DA:76,0
DA:77,0
DA:78,0
DA:79,0
DA:80,0
DA:81,0
DA:82,0
DA:83,0
DA:85,0
DA:88,0
DA:97,0
DA:98,0
DA:99,0
DA:101,0
DA:102,0
DA:103,0
DA:107,0
DA:110,0
LF:42
LH:0
BRDA:20,0,0,0
BRDA:20,0,1,0
BRDA:25,1,0,0
BRDA:25,1,1,0
BRDA:29,2,0,0
BRDA:29,2,1,0
BRDA:33,3,0,0
BRDA:33,3,1,0
BRDA:43,4,0,0
BRDA:43,4,1,0
BRDA:44,5,0,0
BRDA:44,5,1,0
BRDA:50,6,0,0
BRDA:50,6,1,0
BRDA:71,7,0,0
BRDA:71,7,1,0
BRDA:73,8,0,0
BRDA:73,8,1,0
BRDA:77,9,0,0
BRDA:77,9,1,0
BRDA:79,10,0,0
BRDA:79,10,1,0
BRDA:81,11,0,0
BRDA:81,11,1,0
BRDA:82,12,0,0
BRDA:82,12,1,0
BRDA:83,13,0,0
BRDA:83,13,1,0
BRDA:98,14,0,0
BRDA:98,14,1,0
BRDA:99,15,0,0
BRDA:99,15,1,0
BRDA:101,16,0,0
BRDA:101,16,1,0
BRDA:101,17,0,0
BRDA:101,17,1,0
BRDA:103,18,0,0
BRDA:103,18,1,0
BRDA:104,19,0,0
BRDA:104,19,1,0
BRF:40
BRH:0
end_of_record
TN:
SF:src/js/college-costs/models/state-model.js
FN:112,(anonymous_0)
FN:161,(anonymous_1)
FN:174,(anonymous_2)
FN:189,(anonymous_3)
FN:247,(anonymous_4)
FN:258,(anonymous_5)
FN:272,(anonymous_6)
FN:290,(anonymous_7)
FNF:8
FNH:0
FNDA:0,(anonymous_0)
FNDA:0,(anonymous_1)
FNDA:0,(anonymous_2)
FNDA:0,(anonymous_3)
FNDA:0,(anonymous_4)
FNDA:0,(anonymous_5)
FNDA:0,(anonymous_6)
FNDA:0,(anonymous_7)
DA:39,0
DA:114,0
DA:115,0
DA:117,0
DA:118,0
DA:119,0
DA:120,0
DA:122,0
DA:138,0
DA:139,0
DA:140,0
DA:141,0
DA:142,0
DA:143,0
DA:145,0
DA:146,0
DA:150,0
DA:151,0
DA:152,0
DA:155,0
DA:162,0
DA:163,0
DA:164,0
DA:165,0
DA:167,0
DA:168,0
DA:175,0
DA:176,0
DA:177,0
DA:178,0
DA:181,0
DA:182,0
DA:190,0
DA:207,0
DA:216,0
DA:217,0
DA:221,0
DA:222,0
DA:223,0
DA:226,0
DA:227,0
DA:228,0
DA:229,0
DA:230,0
DA:234,0
DA:235,0
DA:239,0
DA:240,0
DA:241,0
DA:248,0
DA:251,0
DA:259,0
DA:262,0
DA:263,0
DA:264,0
DA:274,0
DA:275,0
DA:276,0
DA:277,0
DA:279,0
DA:280,0
DA:282,0
DA:291,0
DA:292,0
DA:293,0
DA:294,0
DA:295,0
DA:297,0
LF:68
LH:0
BRDA:114,0,0,0
BRDA:114,0,1,0
BRDA:128,1,0,0
BRDA:128,1,1,0
BRDA:130,2,0,0
BRDA:130,2,1,0
BRDA:133,3,0,0
BRDA:133,3,1,0
BRDA:139,4,0,0
BRDA:139,4,1,0
BRDA:150,5,0,0
BRDA:150,5,1,0
BRDA:164,6,0,0
BRDA:164,6,1,0
BRDA:164,7,0,0
BRDA:164,7,1,0
BRDA:177,8,0,0
BRDA:177,8,1,0
BRDA:216,9,0,0
BRDA:216,9,1,0
BRDA:221,10,0,0
BRDA:221,10,1,0
BRDA:226,11,0,0
BRDA:226,11,1,0
BRDA:234,12,0,0
BRDA:234,12,1,0
BRDA:262,13,0,0
BRDA:262,13,1,0
BRDA:274,14,0,0
BRDA:274,14,1,0
BRDA:276,15,0,0
BRDA:276,15,1,0
BRDA:294,16,0,0
BRDA:294,16,1,0
BRF:34
BRH:0
end_of_record
TN:
SF:src/js/college-costs/util/analytics.js
FN:8,sendAnalyticsEvent
FNF:1
FNH:0
FNDA:0,sendAnalyticsEvent
DA:9,0
LF:1
LH:0
BRF:0
BRH:0
end_of_record
TN:
SF:src/js/college-costs/util/debt-calculator.js
FN:25,calculateDirectLoanDebt
FN:111,debtCalculator
FN:148,(anonymous_2)
FN:173,(anonymous_3)
FN:190,(anonymous_4)
FN:207,(anonymous_5)
FNF:6
FNH:0
FNDA:0,calculateDirectLoanDebt
FNDA:0,debtCalculator
FNDA:0,(anonymous_2)
FNDA:0,(anonymous_3)
FNDA:0,(anonymous_4)
FNDA:0,(anonymous_5)
DA:31,0
DA:32,0
DA:33,0
DA:37,0
DA:44,0
DA:45,0
DA:46,0
DA:47,0
DA:48,0
DA:49,0
DA:50,0
DA:51,0
DA:53,0
DA:54,0
DA:55,0
DA:56,0
DA:57,0
DA:58,0
DA:59,0
DA:67,0
DA:68,0
DA:76,0
DA:77,0
DA:80,0
DA:81,0
DA:82,0
DA:83,0
DA:84,0
DA:85,0
DA:86,0
DA:87,0
DA:88,0
DA:89,0
DA:90,0
DA:91,0
DA:93,0
DA:94,0
DA:95,0
DA:96,0
DA:97,0
DA:101,0
DA:112,0
DA:113,0
DA:114,0
DA:115,0
DA:116,0
DA:117,0
DA:118,0
DA:127,0
DA:130,0
DA:133,0
DA:140,0
DA:141,0
DA:143,0
DA:144,0
DA:145,0
DA:148,0
DA:149,0
DA:150,0
DA:156,0
DA:157,0
DA:161,0
DA:162,0
DA:163,0
DA:166,0
DA:167,0
DA:168,0
DA:173,0
DA:174,0
DA:175,0
DA:181,0
DA:182,0
DA:185,0
DA:186,0
DA:187,0
DA:190,0
DA:191,0
DA:192,0
DA:198,0
DA:199,0
DA:202,0
DA:203,0
DA:204,0
DA:207,0
DA:208,0
DA:209,0
DA:212,0
DA:214,0
DA:215,0
DA:221,0
DA:222,0
DA:225,0
DA:231,0
DA:232,0
DA:238,0
DA:239,0
DA:243,0
DA:244,0
DA:249,0
DA:251,0
DA:252,0
DA:256,0
DA:257,0
DA:263,0
DA:265,0
DA:266,0
DA:267,0
DA:269,0
DA:270,0
DA:273,0
DA:274,0
DA:277,0
DA:278,0
DA:279,0
DA:281,0
DA:282,0
DA:283,0
LF:117
LH:0
BRDA:53,0,0,0
BRDA:53,0,1,0
BRDA:53,1,0,0
BRDA:53,1,1,0
BRDA:55,2,0,0
BRDA:55,2,1,0
BRDA:55,3,0,0
BRDA:55,3,1,0
BRDA:57,4,0,0
BRDA:57,4,1,0
BRDA:76,5,0,0
BRDA:76,5,1,0
BRDA:82,6,0,0
BRDA:82,6,1,0
BRDA:86,7,0,0
BRDA:86,7,1,0
BRDA:156,8,0,0
BRDA:156,8,1,0
BRDA:161,9,0,0
BRDA:161,9,1,0
BRDA:161,10,0,0
BRDA:161,10,1,0
BRDA:181,11,0,0
BRDA:181,11,1,0
BRDA:198,12,0,0
BRDA:198,12,1,0
BRDA:214,13,0,0
BRDA:214,13,1,0
BRDA:231,14,0,0
BRDA:231,14,1,0
BRDA:251,15,0,0
BRDA:251,15,1,0
BRF:32
BRH:0
end_of_record
TN:
SF:src/js/college-costs/util/debt-utils.js
FN:9,calcInterestAtGrad
FN:30,calcMonthlyPayment
FNF:2
FNH:0
FNDA:0,calcInterestAtGrad
FNDA:0,calcMonthlyPayment
DA:10,0
DA:12,0
DA:13,0
DA:16,0
DA:17,0
DA:20,0
DA:31,0
DA:33,0
DA:34,0
DA:36,0
DA:40,0
LF:11
LH:0
BRDA:12,0,0,0
BRDA:12,0,1,0
BRDA:33,1,0,0
BRDA:33,1,1,0
BRF:4
BRH:0
end_of_record
TN:
SF:src/js/college-costs/util/number-utils.js
FN:8,decimalToPercentString
FN:23,enforceRange
FN:55,isNumeric
FNF:3
FNH:0
FNDA:0,decimalToPercentString
FNDA:0,enforceRange
FNDA:0,isNumeric
DA:9,0
DA:10,0
DA:24,0
DA:26,0
DA:27,0
DA:29,0
DA:30,0
DA:33,0
DA:34,0
DA:35,0
DA:38,0
DA:39,0
DA:40,0
DA:43,0
DA:56,0
LF:15
LH:0
BRDA:9,0,0,0
BRDA:9,0,1,0
BRDA:26,1,0,0
BRDA:26,1,1,0
BRDA:27,2,0,0
BRDA:27,2,1,0
BRDA:29,3,0,0
BRDA:29,3,1,0
BRDA:29,4,0,0
BRDA:29,4,1,0
BRDA:33,5,0,0
BRDA:33,5,1,0
BRDA:33,6,0,0
BRDA:33,6,1,0
BRDA:38,7,0,0
BRDA:38,7,1,0
BRDA:38,8,0,0
BRDA:38,8,1,0
BRF:18
BRH:0
end_of_record
TN:
SF:src/js/college-costs/util/other-utils.js
FN:59,getStateByCode
FN:74,_getMatchesMethod
FN:89,selectorMatches
FNF:3
FNH:0
FNDA:0,getStateByCode
FNDA:0,_getMatchesMethod
FNDA:0,selectorMatches
DA:1,0
DA:60,0
DA:61,0
DA:64,0
DA:75,0
DA:90,0
DA:91,0
LF:7
LH:0
BRDA:60,0,0,0
BRDA:60,0,1,0
BRDA:76,1,0,0
BRDA:76,1,1,0
BRDA:76,1,2,0
BRDA:76,1,3,0
BRF:6
BRH:0
end_of_record
TN:
SF:src/js/college-costs/util/promise-request.js
FN:9,promiseRequest
FN:12,(anonymous_1)
FN:14,(anonymous_2)
FNF:3
FNH:0
FNDA:0,promiseRequest
FNDA:0,(anonymous_1)
FNDA:0,(anonymous_2)
DA:10,0
DA:12,0
DA:14,0
DA:16,0
DA:17,0
DA:18,0
DA:20,0
DA:24,0
DA:26,0
LF:9
LH:0
BRDA:16,0,0,0
BRDA:16,0,1,0
BRDA:17,1,0,0
BRDA:17,1,1,0
BRDA:17,2,0,0
BRDA:17,2,1,0
BRF:6
BRH:0
end_of_record
TN:
SF:src/js/college-costs/util/url-parameter-utils.js
FN:111,getQueryVariables
FN:116,(anonymous_1)
FN:134,buildUrlQueryString
FNF:3
FNH:0
FNDA:0,getQueryVariables
FNDA:0,(anonymous_1)
FNDA:0,buildUrlQueryString
DA:6,0
DA:99,0
DA:112,0
DA:113,0
DA:116,0
DA:120,0
DA:121,0
DA:122,0
DA:126,0
DA:135,0
DA:137,0
DA:138,0
DA:146,0
DA:147,0
DA:148,0
DA:149,0
DA:151,0
DA:158,0
DA:159,0
DA:163,0
DA:165,0
LF:21
LH:0
BRDA:121,0,0,0
BRDA:121,0,1,0
BRDA:137,1,0,0
BRDA:137,1,1,0
BRDA:151,2,0,0
BRDA:151,2,1,0
BRDA:152,3,0,0
BRDA:152,3,1,0
BRDA:152,3,2,0
BRDA:152,3,3,0
BRDA:152,3,4,0
BRDA:158,4,0,0
BRDA:158,4,1,0
BRDA:163,5,0,0
BRDA:163,5,1,0
BRF:15
BRH:0
end_of_record
TN:
SF:src/js/college-costs/views/app-view.js
FN:27,(anonymous_0)
FN:39,(anonymous_1)
FN:48,(anonymous_2)
FN:53,(anonymous_3)
FN:55,(anonymous_4)
FN:61,(anonymous_5)
FN:71,(anonymous_6)
FN:80,(anonymous_7)
FN:81,(anonymous_8)
FN:89,(anonymous_9)
FN:93,(anonymous_10)
FN:102,(anonymous_11)
FN:110,(anonymous_12)
FN:134,_addButtonListeners
FN:135,(anonymous_14)
FN:139,(anonymous_15)
FN:148,(anonymous_16)
FN:162,_handleDidThisHelpClick
FN:175,_handleActionPlanClick
FNF:19
FNH:0
FNDA:0,(anonymous_0)
FNDA:0,(anonymous_1)
FNDA:0,(anonymous_2)
FNDA:0,(anonymous_3)
FNDA:0,(anonymous_4)
FNDA:0,(anonymous_5)
FNDA:0,(anonymous_6)
FNDA:0,(anonymous_7)
FNDA:0,(anonymous_8)
FNDA:0,(anonymous_9)
FNDA:0,(anonymous_10)
FNDA:0,(anonymous_11)
FNDA:0,(anonymous_12)
FNDA:0,_addButtonListeners
FNDA:0,(anonymous_14)
FNDA:0,(anonymous_15)
FNDA:0,(anonymous_16)
FNDA:0,_handleDidThisHelpClick
FNDA:0,_handleActionPlanClick
DA:11,0
DA:12,0
DA:28,0
DA:29,0
DA:30,0
DA:31,0
DA:32,0
DA:40,0
DA:41,0
DA:42,0
DA:49,0
DA:50,0
DA:54,0
DA:55,0
DA:56,0
DA:57,0
DA:58,0
DA:59,0
DA:60,0
DA:61,0
DA:62,0
DA:63,0
DA:66,0
DA:67,0
DA:72,0
DA:73,0
DA:81,0
DA:82,0
DA:90,0
DA:94,0
DA:103,0
DA:104,0
DA:111,0
DA:114,0
DA:117,0
DA:118,0
DA:121,0
DA:122,0
DA:123,0
DA:127,0
DA:135,0
DA:136,0
DA:139,0
DA:140,0
DA:143,0
DA:144,0
DA:148,0
DA:149,0
DA:150,0
DA:152,0
DA:163,0
DA:164,0
DA:168,0
DA:176,0
DA:177,0
LF:55
LH:0
BRDA:54,0,0,0
BRDA:54,0,1,0
BRDA:66,1,0,0
BRDA:66,1,1,0
BRDA:66,2,0,0
BRDA:66,2,1,0
BRDA:72,3,0,0
BRDA:72,3,1,0
BRDA:94,4,0,0
BRDA:94,4,1,0
BRF:10
BRH:0
end_of_record
TN:
SF:src/js/college-costs/views/chart-view.js
FN:38,(anonymous_0)
FN:511,(anonymous_1)
FN:597,(anonymous_2)
FN:622,(anonymous_3)
FN:654,(anonymous_4)
FN:704,(anonymous_5)
FN:747,(anonymous_6)
FN:775,(anonymous_7)
FN:805,_addRadioListeners
FN:806,(anonymous_9)
FN:814,_handleRadioClicks
FNF:11
FNH:0
FNDA:0,(anonymous_0)
FNDA:0,(anonymous_1)
FNDA:0,(anonymous_2)
FNDA:0,(anonymous_3)
FNDA:0,(anonymous_4)
FNDA:0,(anonymous_5)
FNDA:0,(anonymous_6)
FNDA:0,(anonymous_7)
FNDA:0,_addRadioListeners
FNDA:0,(anonymous_9)
FNDA:0,_handleRadioClicks
DA:15,0
DA:16,0
DA:18,0
DA:39,0
DA:81,0
DA:189,0
DA:264,0
DA:282,0
DA:338,0
DA:346,0
DA:412,0
DA:490,0
DA:492,0
DA:494,0
DA:512,0
DA:515,0
DA:518,0
DA:521,0
DA:522,0
DA:523,0
DA:524,0
DA:525,0
DA:529,0
DA:532,0
DA:533,0
DA:535,0
DA:537,0
DA:544,0
DA:549,0
DA:554,0
DA:559,0
DA:563,0
DA:572,0
DA:582,0
DA:586,0
DA:591,0
DA:598,0
DA:599,0
DA:603,0
DA:604,0
DA:609,0
DA:612,0
DA:616,0
DA:623,0
DA:624,0
DA:625,0
DA:627,0
DA:633,0
DA:651,0
DA:655,0
DA:656,0
DA:657,0
DA:658,0
DA:659,0
DA:661,0
DA:666,0
DA:668,0
DA:670,0
DA:671,0
DA:673,0
DA:689,0
DA:705,0
DA:706,0
DA:710,0
DA:711,0
DA:715,0
DA:716,0
DA:721,0
DA:722,0
DA:723,0
DA:725,0
DA:730,0
DA:737,0
DA:741,0
DA:748,0
DA:749,0
DA:750,0
DA:752,0
DA:753,0
DA:754,0
DA:756,0
DA:757,0
DA:758,0
DA:759,0
DA:760,0
DA:761,0
DA:763,0
DA:764,0
DA:768,0
DA:769,0
DA:771,0
DA:776,0
DA:777,0
DA:778,0
DA:780,0
DA:781,0
DA:782,0
DA:784,0
DA:785,0
DA:786,0
DA:787,0
DA:788,0
DA:789,0
DA:791,0
DA:792,0
DA:796,0
DA:797,0
DA:806,0
DA:807,0
DA:815,0
DA:816,0
DA:817,0
DA:818,0
DA:830,0
DA:836,0
DA:837,0
DA:838,0
LF:117
LH:0
BRDA:749,0,0,0
BRDA:749,0,1,0
BRDA:753,1,0,0
BRDA:753,1,1,0
BRDA:756,2,0,0
BRDA:756,2,1,0
BRDA:759,3,0,0
BRDA:759,3,1,0
BRDA:777,4,0,0
BRDA:777,4,1,0
BRDA:781,5,0,0
BRDA:781,5,1,0
BRDA:784,6,0,0
BRDA:784,6,1,0
BRDA:787,7,0,0
BRDA:787,7,1,0
BRF:16
BRH:0
end_of_record
TN:
SF:src/js/college-costs/views/expenses-view.js
FN:23,(anonymous_0)
FN:38,(anonymous_1)
FN:39,(anonymous_2)
FN:57,(anonymous_3)
FN:68,_addInputListeners
FN:69,(anonymous_5)
FN:81,_handleInputChange
FN:90,(anonymous_7)
FN:103,_handleRegionChange
FNF:9
FNH:0
FNDA:0,(anonymous_0)
FNDA:0,(anonymous_1)
FNDA:0,(anonymous_2)
FNDA:0,(anonymous_3)
FNDA:0,_addInputListeners
FNDA:0,(anonymous_5)
FNDA:0,_handleInputChange
FNDA:0,(anonymous_7)
FNDA:0,_handleRegionChange
DA:13,0
DA:24,0
DA:27,0
DA:30,0
DA:32,0
DA:39,0
DA:40,0
DA:41,0
DA:42,0
DA:43,0
DA:45,0
DA:46,0
DA:48,0
DA:58,0
DA:59,0
DA:60,0
DA:61,0
DA:69,0
DA:70,0
DA:71,0
DA:74,0
DA:82,0
DA:83,0
DA:84,0
DA:85,0
DA:87,0
DA:89,0
DA:90,0
DA:91,0
DA:94,0
DA:97,0
DA:104,0
DA:105,0
DA:106,0
LF:34
LH:0
BRDA:40,0,0,0
BRDA:40,0,1,0
BRDA:45,1,0,0
BRDA:45,1,1,0
BRDA:89,2,0,0
BRDA:89,2,1,0
BRF:6
BRH:0
end_of_record
TN:
SF:src/js/college-costs/views/financial-view.js
FN:31,(anonymous_0)
FN:36,(anonymous_1)
FN:47,(anonymous_2)
FN:48,(anonymous_3)
FN:81,(anonymous_4)
FN:100,_addInputListeners
FN:101,(anonymous_6)
FN:111,_addButtonListeners
FN:122,_handleInputChange
FN:137,(anonymous_9)
FN:151,_handleInputClick
FN:161,_handleCostsButtonClick
FNF:12
FNH:0
FNDA:0,(anonymous_0)
FNDA:0,(anonymous_1)
FNDA:0,(anonymous_2)
FNDA:0,(anonymous_3)
FNDA:0,(anonymous_4)
FNDA:0,_addInputListeners
FNDA:0,(anonymous_6)
FNDA:0,_addButtonListeners
FNDA:0,_handleInputChange
FNDA:0,(anonymous_9)
FNDA:0,_handleInputClick
FNDA:0,_handleCostsButtonClick
DA:19,0
DA:33,0
DA:36,0
DA:37,0
DA:39,0
DA:42,0
DA:48,0
DA:49,0
DA:50,0
DA:51,0
DA:52,0
DA:53,0
DA:54,0
DA:55,0
DA:58,0
DA:59,0
DA:60,0
DA:61,0
DA:62,0
DA:63,0
DA:64,0
DA:65,0
DA:66,0
DA:68,0
DA:71,0
DA:72,0
DA:74,0
DA:82,0
DA:83,0
DA:86,0
DA:89,0
DA:92,0
DA:93,0
DA:101,0
DA:102,0
DA:103,0
DA:104,0
DA:112,0
DA:123,0
DA:124,0
DA:125,0
DA:126,0
DA:127,0
DA:128,0
DA:130,0
DA:132,0
DA:133,0
DA:136,0
DA:137,0
DA:138,0
DA:139,0
DA:142,0
DA:143,0
DA:152,0
DA:153,0
DA:154,0
DA:162,0
DA:165,0
DA:167,0
DA:168,0
DA:171,0
DA:172,0
DA:174,0
DA:175,0
DA:177,0
DA:181,0
LF:66
LH:0
BRDA:49,0,0,0
BRDA:49,0,1,0
BRDA:58,1,0,0
BRDA:58,1,1,0
BRDA:58,2,0,0
BRDA:58,2,1,0
BRDA:58,2,2,0
BRDA:59,3,0,0
BRDA:59,3,1,0
BRDA:61,4,0,0
BRDA:61,4,1,0
BRDA:63,5,0,0
BRDA:63,5,1,0
BRDA:65,6,0,0
BRDA:65,6,1,0
BRDA:71,7,0,0
BRDA:71,7,1,0
BRDA:132,8,0,0
BRDA:132,8,1,0
BRDA:132,9,0,0
BRDA:132,9,1,0
BRDA:136,10,0,0
BRDA:136,10,1,0
BRDA:153,11,0,0
BRDA:153,11,1,0
BRDA:167,12,0,0
BRDA:167,12,1,0
BRDA:171,13,0,0
BRDA:171,13,1,0
BRDA:174,14,0,0
BRDA:174,14,1,0
BRF:31
BRH:0
end_of_record
TN:
SF:src/js/college-costs/views/navigation-view.js
FN:27,(anonymous_0)
FN:40,(anonymous_1)
FN:45,(anonymous_2)
FN:58,(anonymous_3)
FN:68,(anonymous_4)
FN:79,(anonymous_5)
FN:84,(anonymous_6)
FN:94,(anonymous_7)
FN:110,(anonymous_8)
FN:126,(anonymous_9)
FN:158,_addButtonListeners
FN:159,(anonymous_11)
FN:162,(anonymous_12)
FN:166,(anonymous_13)
FN:185,_handleAffordingChoicesClick
FN:194,_handleGetStartedBtnClick
FN:206,_handleNavButtonClick
FN:228,_handleNextButtonClick
FNF:18
FNH:0
FNDA:0,(anonymous_0)
FNDA:0,(anonymous_1)
FNDA:0,(anonymous_2)
FNDA:0,(anonymous_3)
FNDA:0,(anonymous_4)
FNDA:0,(anonymous_5)
FNDA:0,(anonymous_6)
FNDA:0,(anonymous_7)
FNDA:0,(anonymous_8)
FNDA:0,(anonymous_9)
FNDA:0,_addButtonListeners
FNDA:0,(anonymous_11)
FNDA:0,(anonymous_12)
FNDA:0,(anonymous_13)
FNDA:0,_handleAffordingChoicesClick
FNDA:0,_handleGetStartedBtnClick
FNDA:0,_handleNavButtonClick
FNDA:0,_handleNextButtonClick
DA:10,0
DA:28,0
DA:29,0
DA:30,0
DA:31,0
DA:32,0
DA:41,0
DA:42,0
DA:45,0
DA:46,0
DA:49,0
DA:53,0
DA:54,0
DA:58,0
DA:59,0
DA:60,0
DA:63,0
DA:64,0
DA:65,0
DA:66,0
DA:69,0
DA:72,0
DA:81,0
DA:82,0
DA:84,0
DA:85,0
DA:88,0
DA:95,0
DA:96,0
DA:97,0
DA:98,0
DA:99,0
DA:111,0
DA:112,0
DA:114,0
DA:127,0
DA:128,0
DA:129,0
DA:130,0
DA:131,0
DA:134,0
DA:135,0
DA:136,0
DA:139,0
DA:140,0
DA:141,0
DA:142,0
DA:146,0
DA:147,0
DA:149,0
DA:150,0
DA:159,0
DA:160,0
DA:162,0
DA:163,0
DA:166,0
DA:167,0
DA:170,0
DA:171,0
DA:172,0
DA:174,0
DA:186,0
DA:187,0
DA:188,0
DA:195,0
DA:196,0
DA:197,0
DA:199,0
DA:207,0
DA:208,0
DA:209,0
DA:210,0
DA:212,0
DA:213,0
DA:215,0
DA:216,0
DA:217,0
DA:218,0
DA:230,0
DA:231,0
DA:233,0
DA:237,0
DA:238,0
DA:239,0
LF:84
LH:0
BRDA:28,0,0,0
BRDA:28,0,1,0
BRDA:41,1,0,0
BRDA:41,1,1,0
BRDA:97,2,0,0
BRDA:97,2,1,0
BRDA:97,3,0,0
BRDA:97,3,1,0
BRDA:111,4,0,0
BRDA:111,4,1,0
BRDA:111,5,0,0
BRDA:111,5,1,0
BRDA:171,6,0,0
BRDA:171,6,1,0
BRDA:208,7,0,0
BRDA:208,7,1,0
BRDA:215,8,0,0
BRDA:215,8,1,0
BRDA:217,9,0,0
BRDA:217,9,1,0
BRDA:230,10,0,0
BRDA:230,10,1,0
BRF:22
BRH:0
end_of_record
TN:
SF:src/js/college-costs/views/school-view.js
FN:37,(anonymous_0)
FN:46,(anonymous_1)
FN:47,(anonymous_2)
FN:62,(anonymous_3)
FN:73,(anonymous_4)
FN:88,(anonymous_5)
FN:105,(anonymous_6)
FN:119,(anonymous_7)
FN:127,(anonymous_8)
FN:141,(anonymous_9)
FN:169,_addListeners
FN:173,(anonymous_11)
FN:177,(anonymous_12)
FN:191,_formatSearchResults
FN:215,_handleInputChange
FN:217,(anonymous_15)
FN:227,(anonymous_16)
FN:230,(anonymous_17)
FN:242,_handleProgramSelectChange
FN:268,_handleResultButtonClick
FN:301,_handleProgramRadioClick
FNF:21
FNH:0
FNDA:0,(anonymous_0)
FNDA:0,(anonymous_1)
FNDA:0,(anonymous_2)
FNDA:0,(anonymous_3)
FNDA:0,(anonymous_4)
FNDA:0,(anonymous_5)
FNDA:0,(anonymous_6)
FNDA:0,(anonymous_7)
FNDA:0,(anonymous_8)
FNDA:0,(anonymous_9)
FNDA:0,_addListeners
FNDA:0,(anonymous_11)
FNDA:0,(anonymous_12)
FNDA:0,_formatSearchResults
FNDA:0,_handleInputChange
FNDA:0,(anonymous_15)
FNDA:0,(anonymous_16)
FNDA:0,(anonymous_17)
FNDA:0,_handleProgramSelectChange
FNDA:0,_handleResultButtonClick
FNDA:0,_handleProgramRadioClick
DA:26,0
DA:38,0
DA:39,0
DA:40,0
DA:41,0
DA:42,0
DA:43,0
DA:47,0
DA:48,0
DA:49,0
DA:51,0
DA:52,0
DA:55,0
DA:56,0
DA:59,0
DA:62,0
DA:63,0
DA:64,0
DA:66,0
DA:67,0
DA:69,0
DA:74,0
DA:75,0
DA:76,0
DA:79,0
DA:80,0
DA:81,0
DA:83,0
DA:86,0
DA:87,0
DA:88,0
DA:89,0
DA:94,0
DA:96,0
DA:99,0
DA:100,0
DA:106,0
DA:115,0
DA:116,0
DA:117,0
DA:119,0
DA:120,0
DA:121,0
DA:122,0
DA:128,0
DA:129,0
DA:132,0
DA:133,0
DA:136,0
DA:143,0
DA:146,0
DA:147,0
DA:148,0
DA:151,0
DA:154,0
DA:155,0
DA:158,0
DA:159,0
DA:162,0
DA:170,0
DA:171,0
DA:173,0
DA:174,0
DA:177,0
DA:178,0
DA:181,0
DA:192,0
DA:193,0
DA:194,0
DA:195,0
DA:196,0
DA:202,0
DA:205,0
DA:206,0
DA:207,0
DA:216,0
DA:217,0
DA:218,0
DA:223,0
DA:224,0
DA:226,0
DA:228,0
DA:231,0
DA:243,0
DA:244,0
DA:245,0
DA:246,0
DA:247,0
DA:248,0
DA:249,0
DA:251,0
DA:252,0
DA:253,0
DA:254,0
DA:256,0
DA:261,0
DA:269,0
DA:272,0
DA:273,0
DA:275,0
DA:279,0
DA:282,0
DA:283,0
DA:284,0
DA:288,0
DA:289,0
DA:290,0
DA:292,0
DA:302,0
DA:303,0
DA:304,0
DA:312,0
DA:313,0
DA:314,0
DA:315,0
DA:316,0
DA:318,0
DA:319,0
DA:320,0
LF:119
LH:0
BRDA:51,0,0,0
BRDA:51,0,1,0
BRDA:51,1,0,0
BRDA:51,1,1,0
BRDA:51,1,2,0
BRDA:55,2,0,0
BRDA:55,2,1,0
BRDA:66,3,0,0
BRDA:66,3,1,0
BRDA:66,4,0,0
BRDA:66,4,1,0
BRDA:66,4,2,0
BRDA:75,5,0,0
BRDA:75,5,1,0
BRDA:80,6,0,0
BRDA:80,6,1,0
BRDA:86,7,0,0
BRDA:86,7,1,0
BRDA:99,8,0,0
BRDA:99,8,1,0
BRDA:121,9,0,0
BRDA:121,9,1,0
BRDA:128,10,0,0
BRDA:128,10,1,0
BRDA:128,11,0,0
BRDA:128,11,1,0
BRDA:132,12,0,0
BRDA:132,12,1,0
BRDA:223,13,0,0
BRDA:223,13,1,0
BRDA:247,14,0,0
BRDA:247,14,1,0
BRDA:253,15,0,0
BRDA:253,15,1,0
BRDA:272,16,0,0
BRDA:272,16,1,0
BRDA:282,17,0,0
BRDA:282,17,1,0
BRDA:288,18,0,0
BRDA:288,18,1,0
BRDA:290,19,0,0
BRDA:290,19,1,0
BRDA:290,20,0,0
BRDA:290,20,1,0
BRDA:315,21,0,0
BRDA:315,21,1,0
BRDA:318,22,0,0
BRDA:318,22,1,0
BRF:48
BRH:0
end_of_record
TN:
SF:src/js/modules/util/format.js
FN:8,convertStringToNumber
FN:40,stripExtraPeriods
FN:51,commaSeparate
FN:72,formatUSD
FNF:4
FNH:4
FNDA:26,convertStringToNumber
FNDA:17,stripExtraPeriods
FNDA:36,commaSeparate
FNDA:30,formatUSD
DA:9,26
DA:10,1
DA:11,25
DA:12,4
DA:15,21
DA:16,21
DA:17,21
DA:20,21
DA:21,1
DA:25,21
DA:27,21
DA:30,21
DA:41,17
DA:42,8
DA:44,9
DA:52,36
DA:54,36
DA:56,36
DA:58,36
DA:59,21
DA:62,36
DA:73,30
DA:74,30
DA:75,30
DA:76,30
DA:77,30
DA:78,30
DA:81,30
DA:82,3
DA:86,30
DA:87,4
DA:90,30
DA:93,30
DA:94,30
DA:95,6
DA:99,30
DA:102,30
DA:105,30
DA:107,30
LF:39
LH:39
BRDA:9,0,0,1
BRDA:9,0,1,25
BRDA:11,1,0,4
BRDA:11,1,1,21
BRDA:20,2,0,1
BRDA:20,2,1,20
BRDA:20,3,0,21
BRDA:20,3,1,1
BRDA:41,4,0,8
BRDA:41,4,1,9
BRDA:58,5,0,21
BRDA:58,5,1,15
BRDA:81,6,0,3
BRDA:81,6,1,27
BRDA:86,7,0,4
BRDA:86,7,1,26
BRDA:90,8,0,30
BRDA:90,8,1,0
BRDA:94,9,0,6
BRDA:94,9,1,24
BRF:20
BRH:19
end_of_record
TN:
SF:src/js/organisms/SecondaryNav.js
FN:25,SecondaryNav
FN:39,init
FN:71,(anonymous_2)
FN:82,(anonymous_3)
FNF:4
FNH:0
FNDA:0,SecondaryNav
FNDA:0,init
FNDA:0,(anonymous_2)
FNDA:0,(anonymous_3)
DA:15,0
DA:27,0
DA:40,0
DA:41,0
DA:44,0
DA:45,0
DA:48,0
DA:49,0
DA:50,0
DA:52,0
DA:53,0
DA:56,0
DA:58,0
DA:64,0
DA:66,0
DA:70,0
DA:71,0
DA:73,0
DA:74,0
DA:75,0
DA:76,0
DA:78,0
DA:81,0
DA:82,0
DA:83,0
LF:25
LH:0
BRDA:40,0,0,0
BRDA:40,0,1,0
BRF:2
BRH:0
end_of_record
